{"/home/luis/dev/Diana/Skylab/bootcamp/collab/skylab-bootcamp-201909/staff/diana-moreno/wheely/wheely-api/logic/practices/cancel-practice/index.spec.js":{"path":"/home/luis/dev/Diana/Skylab/bootcamp/collab/skylab-bootcamp-201909/staff/diana-moreno/wheely/wheely-api/logic/practices/cancel-practice/index.spec.js","statementMap":{"0":{"start":{"line":1,"column":0},"end":{"line":1,"column":26}},"1":{"start":{"line":2,"column":33},"end":{"line":2,"column":40}},"2":{"start":{"line":3,"column":19},"end":{"line":3,"column":34}},"3":{"start":{"line":4,"column":23},"end":{"line":4,"column":35}},"4":{"start":{"line":5,"column":19},"end":{"line":5,"column":23}},"5":{"start":{"line":6,"column":70},"end":{"line":6,"column":92}},"6":{"start":{"line":7,"column":47},"end":{"line":7,"column":70}},"7":{"start":{"line":8,"column":15},"end":{"line":8,"column":32}},"8":{"start":{"line":10,"column":0},"end":{"line":275,"column":2}},"9":{"start":{"line":11,"column":2},"end":{"line":11,"column":45}},"10":{"start":{"line":11,"column":15},"end":{"line":11,"column":44}},"11":{"start":{"line":13,"column":111},"end":{"line":13,"column":137}},"12":{"start":{"line":14,"column":13},"end":{"line":14,"column":21}},"13":{"start":{"line":16,"column":2},"end":{"line":56,"column":4}},"14":{"start":{"line":18,"column":4},"end":{"line":18,"column":26}},"15":{"start":{"line":19,"column":4},"end":{"line":19,"column":35}},"16":{"start":{"line":20,"column":4},"end":{"line":20,"column":40}},"17":{"start":{"line":21,"column":4},"end":{"line":21,"column":37}},"18":{"start":{"line":22,"column":4},"end":{"line":22,"column":27}},"19":{"start":{"line":23,"column":4},"end":{"line":23,"column":20}},"20":{"start":{"line":25,"column":4},"end":{"line":25,"column":65}},"21":{"start":{"line":27,"column":18},"end":{"line":27,"column":82}},"22":{"start":{"line":28,"column":4},"end":{"line":28,"column":35}},"23":{"start":{"line":29,"column":4},"end":{"line":29,"column":31}},"24":{"start":{"line":30,"column":4},"end":{"line":30,"column":24}},"25":{"start":{"line":31,"column":4},"end":{"line":31,"column":26}},"26":{"start":{"line":34,"column":4},"end":{"line":34,"column":29}},"27":{"start":{"line":35,"column":4},"end":{"line":35,"column":35}},"28":{"start":{"line":36,"column":4},"end":{"line":36,"column":40}},"29":{"start":{"line":37,"column":4},"end":{"line":37,"column":37}},"30":{"start":{"line":38,"column":4},"end":{"line":38,"column":27}},"31":{"start":{"line":39,"column":4},"end":{"line":39,"column":23}},"32":{"start":{"line":41,"column":21},"end":{"line":41,"column":85}},"33":{"start":{"line":42,"column":4},"end":{"line":42,"column":41}},"34":{"start":{"line":43,"column":4},"end":{"line":43,"column":27}},"35":{"start":{"line":44,"column":4},"end":{"line":44,"column":32}},"36":{"start":{"line":47,"column":4},"end":{"line":47,"column":33}},"37":{"start":{"line":48,"column":19},"end":{"line":48,"column":75}},"38":{"start":{"line":49,"column":4},"end":{"line":49,"column":28}},"39":{"start":{"line":52,"column":4},"end":{"line":52,"column":70}},"40":{"start":{"line":54,"column":4},"end":{"line":54,"column":119}},"41":{"start":{"line":58,"column":2},"end":{"line":66,"column":4}},"42":{"start":{"line":59,"column":19},"end":{"line":59,"column":62}},"43":{"start":{"line":60,"column":4},"end":{"line":60,"column":29}},"44":{"start":{"line":62,"column":4},"end":{"line":62,"column":61}},"45":{"start":{"line":64,"column":4},"end":{"line":64,"column":58}},"46":{"start":{"line":65,"column":4},"end":{"line":65,"column":35}},"47":{"start":{"line":68,"column":2},"end":{"line":80,"column":4}},"48":{"start":{"line":69,"column":4},"end":{"line":79,"column":5}},"49":{"start":{"line":70,"column":6},"end":{"line":70,"column":65}},"50":{"start":{"line":71,"column":6},"end":{"line":71,"column":48}},"51":{"start":{"line":74,"column":6},"end":{"line":74,"column":28}},"52":{"start":{"line":75,"column":6},"end":{"line":75,"column":36}},"53":{"start":{"line":76,"column":6},"end":{"line":76,"column":53}},"54":{"start":{"line":77,"column":6},"end":{"line":77,"column":55}},"55":{"start":{"line":78,"column":6},"end":{"line":78,"column":82}},"56":{"start":{"line":82,"column":2},"end":{"line":94,"column":4}},"57":{"start":{"line":83,"column":4},"end":{"line":93,"column":5}},"58":{"start":{"line":84,"column":6},"end":{"line":84,"column":66}},"59":{"start":{"line":85,"column":6},"end":{"line":85,"column":48}},"60":{"start":{"line":88,"column":6},"end":{"line":88,"column":28}},"61":{"start":{"line":89,"column":6},"end":{"line":89,"column":36}},"62":{"start":{"line":90,"column":6},"end":{"line":90,"column":53}},"63":{"start":{"line":91,"column":6},"end":{"line":91,"column":55}},"64":{"start":{"line":92,"column":6},"end":{"line":92,"column":78}},"65":{"start":{"line":96,"column":2},"end":{"line":108,"column":4}},"66":{"start":{"line":97,"column":4},"end":{"line":107,"column":5}},"67":{"start":{"line":98,"column":6},"end":{"line":98,"column":63}},"68":{"start":{"line":99,"column":6},"end":{"line":99,"column":48}},"69":{"start":{"line":102,"column":6},"end":{"line":102,"column":28}},"70":{"start":{"line":103,"column":6},"end":{"line":103,"column":36}},"71":{"start":{"line":104,"column":6},"end":{"line":104,"column":53}},"72":{"start":{"line":105,"column":6},"end":{"line":105,"column":55}},"73":{"start":{"line":106,"column":6},"end":{"line":106,"column":78}},"74":{"start":{"line":110,"column":2},"end":{"line":188,"column":4}},"75":{"start":{"line":111,"column":4},"end":{"line":144,"column":6}},"76":{"start":{"line":113,"column":6},"end":{"line":113,"column":28}},"77":{"start":{"line":114,"column":6},"end":{"line":114,"column":37}},"78":{"start":{"line":115,"column":6},"end":{"line":115,"column":42}},"79":{"start":{"line":116,"column":6},"end":{"line":116,"column":39}},"80":{"start":{"line":117,"column":6},"end":{"line":117,"column":29}},"81":{"start":{"line":118,"column":6},"end":{"line":118,"column":22}},"82":{"start":{"line":120,"column":6},"end":{"line":120,"column":67}},"83":{"start":{"line":122,"column":20},"end":{"line":122,"column":84}},"84":{"start":{"line":123,"column":6},"end":{"line":123,"column":37}},"85":{"start":{"line":124,"column":6},"end":{"line":124,"column":26}},"86":{"start":{"line":125,"column":6},"end":{"line":125,"column":28}},"87":{"start":{"line":128,"column":6},"end":{"line":128,"column":31}},"88":{"start":{"line":129,"column":6},"end":{"line":129,"column":37}},"89":{"start":{"line":130,"column":6},"end":{"line":130,"column":42}},"90":{"start":{"line":131,"column":6},"end":{"line":131,"column":39}},"91":{"start":{"line":132,"column":6},"end":{"line":132,"column":29}},"92":{"start":{"line":133,"column":6},"end":{"line":133,"column":25}},"93":{"start":{"line":135,"column":23},"end":{"line":135,"column":87}},"94":{"start":{"line":136,"column":6},"end":{"line":136,"column":43}},"95":{"start":{"line":137,"column":6},"end":{"line":137,"column":29}},"96":{"start":{"line":138,"column":6},"end":{"line":138,"column":34}},"97":{"start":{"line":141,"column":6},"end":{"line":141,"column":41}},"98":{"start":{"line":142,"column":21},"end":{"line":142,"column":77}},"99":{"start":{"line":143,"column":6},"end":{"line":143,"column":30}},"100":{"start":{"line":146,"column":4},"end":{"line":158,"column":6}},"101":{"start":{"line":147,"column":6},"end":{"line":157,"column":7}},"102":{"start":{"line":148,"column":8},"end":{"line":148,"column":65}},"103":{"start":{"line":149,"column":8},"end":{"line":149,"column":50}},"104":{"start":{"line":152,"column":8},"end":{"line":152,"column":30}},"105":{"start":{"line":153,"column":8},"end":{"line":153,"column":38}},"106":{"start":{"line":154,"column":8},"end":{"line":154,"column":55}},"107":{"start":{"line":155,"column":8},"end":{"line":155,"column":57}},"108":{"start":{"line":156,"column":8},"end":{"line":156,"column":98}},"109":{"start":{"line":160,"column":4},"end":{"line":172,"column":6}},"110":{"start":{"line":161,"column":6},"end":{"line":171,"column":7}},"111":{"start":{"line":162,"column":8},"end":{"line":162,"column":68}},"112":{"start":{"line":163,"column":8},"end":{"line":163,"column":50}},"113":{"start":{"line":166,"column":8},"end":{"line":166,"column":30}},"114":{"start":{"line":167,"column":8},"end":{"line":167,"column":38}},"115":{"start":{"line":168,"column":8},"end":{"line":168,"column":55}},"116":{"start":{"line":169,"column":8},"end":{"line":169,"column":57}},"117":{"start":{"line":170,"column":8},"end":{"line":170,"column":80}},"118":{"start":{"line":174,"column":4},"end":{"line":186,"column":6}},"119":{"start":{"line":175,"column":6},"end":{"line":185,"column":7}},"120":{"start":{"line":176,"column":8},"end":{"line":176,"column":65}},"121":{"start":{"line":177,"column":8},"end":{"line":177,"column":50}},"122":{"start":{"line":180,"column":8},"end":{"line":180,"column":30}},"123":{"start":{"line":181,"column":8},"end":{"line":181,"column":38}},"124":{"start":{"line":182,"column":8},"end":{"line":182,"column":55}},"125":{"start":{"line":183,"column":8},"end":{"line":183,"column":57}},"126":{"start":{"line":184,"column":8},"end":{"line":184,"column":80}},"127":{"start":{"line":190,"column":2},"end":{"line":239,"column":4}},"128":{"start":{"line":191,"column":4},"end":{"line":224,"column":6}},"129":{"start":{"line":193,"column":6},"end":{"line":193,"column":28}},"130":{"start":{"line":194,"column":6},"end":{"line":194,"column":37}},"131":{"start":{"line":195,"column":6},"end":{"line":195,"column":42}},"132":{"start":{"line":196,"column":6},"end":{"line":196,"column":39}},"133":{"start":{"line":197,"column":6},"end":{"line":197,"column":29}},"134":{"start":{"line":198,"column":6},"end":{"line":198,"column":22}},"135":{"start":{"line":200,"column":6},"end":{"line":200,"column":67}},"136":{"start":{"line":202,"column":20},"end":{"line":202,"column":84}},"137":{"start":{"line":203,"column":6},"end":{"line":203,"column":37}},"138":{"start":{"line":204,"column":6},"end":{"line":204,"column":26}},"139":{"start":{"line":205,"column":6},"end":{"line":205,"column":28}},"140":{"start":{"line":208,"column":6},"end":{"line":208,"column":31}},"141":{"start":{"line":209,"column":6},"end":{"line":209,"column":37}},"142":{"start":{"line":210,"column":6},"end":{"line":210,"column":42}},"143":{"start":{"line":211,"column":6},"end":{"line":211,"column":39}},"144":{"start":{"line":212,"column":6},"end":{"line":212,"column":29}},"145":{"start":{"line":213,"column":6},"end":{"line":213,"column":25}},"146":{"start":{"line":215,"column":23},"end":{"line":215,"column":87}},"147":{"start":{"line":216,"column":6},"end":{"line":216,"column":43}},"148":{"start":{"line":217,"column":6},"end":{"line":217,"column":29}},"149":{"start":{"line":218,"column":6},"end":{"line":218,"column":34}},"150":{"start":{"line":221,"column":6},"end":{"line":221,"column":21}},"151":{"start":{"line":222,"column":21},"end":{"line":222,"column":77}},"152":{"start":{"line":223,"column":6},"end":{"line":223,"column":30}},"153":{"start":{"line":226,"column":4},"end":{"line":238,"column":6}},"154":{"start":{"line":227,"column":6},"end":{"line":237,"column":7}},"155":{"start":{"line":228,"column":8},"end":{"line":228,"column":65}},"156":{"start":{"line":229,"column":8},"end":{"line":229,"column":50}},"157":{"start":{"line":232,"column":8},"end":{"line":232,"column":30}},"158":{"start":{"line":233,"column":8},"end":{"line":233,"column":38}},"159":{"start":{"line":234,"column":8},"end":{"line":234,"column":55}},"160":{"start":{"line":235,"column":8},"end":{"line":235,"column":57}},"161":{"start":{"line":236,"column":8},"end":{"line":236,"column":98}},"162":{"start":{"line":241,"column":2},"end":{"line":272,"column":4}},"163":{"start":{"line":242,"column":4},"end":{"line":242,"column":83}},"164":{"start":{"line":242,"column":17},"end":{"line":242,"column":36}},"165":{"start":{"line":244,"column":4},"end":{"line":244,"column":76}},"166":{"start":{"line":244,"column":17},"end":{"line":244,"column":34}},"167":{"start":{"line":245,"column":4},"end":{"line":245,"column":82}},"168":{"start":{"line":245,"column":17},"end":{"line":245,"column":37}},"169":{"start":{"line":246,"column":4},"end":{"line":246,"column":76}},"170":{"start":{"line":246,"column":17},"end":{"line":246,"column":35}},"171":{"start":{"line":247,"column":4},"end":{"line":247,"column":91}},"172":{"start":{"line":247,"column":17},"end":{"line":247,"column":35}},"173":{"start":{"line":248,"column":4},"end":{"line":248,"column":92}},"174":{"start":{"line":248,"column":17},"end":{"line":248,"column":42}},"175":{"start":{"line":249,"column":4},"end":{"line":249,"column":82}},"176":{"start":{"line":249,"column":17},"end":{"line":249,"column":37}},"177":{"start":{"line":251,"column":4},"end":{"line":251,"column":93}},"178":{"start":{"line":251,"column":17},"end":{"line":251,"column":35}},"179":{"start":{"line":253,"column":4},"end":{"line":253,"column":97}},"180":{"start":{"line":253,"column":17},"end":{"line":253,"column":50}},"181":{"start":{"line":254,"column":4},"end":{"line":254,"column":90}},"182":{"start":{"line":254,"column":17},"end":{"line":254,"column":48}},"183":{"start":{"line":255,"column":4},"end":{"line":255,"column":96}},"184":{"start":{"line":255,"column":17},"end":{"line":255,"column":51}},"185":{"start":{"line":256,"column":4},"end":{"line":256,"column":90}},"186":{"start":{"line":256,"column":17},"end":{"line":256,"column":49}},"187":{"start":{"line":257,"column":4},"end":{"line":257,"column":105}},"188":{"start":{"line":257,"column":17},"end":{"line":257,"column":49}},"189":{"start":{"line":258,"column":4},"end":{"line":258,"column":106}},"190":{"start":{"line":258,"column":17},"end":{"line":258,"column":56}},"191":{"start":{"line":259,"column":4},"end":{"line":259,"column":96}},"192":{"start":{"line":259,"column":17},"end":{"line":259,"column":51}},"193":{"start":{"line":260,"column":4},"end":{"line":260,"column":104}},"194":{"start":{"line":260,"column":17},"end":{"line":260,"column":49}},"195":{"start":{"line":261,"column":4},"end":{"line":261,"column":109}},"196":{"start":{"line":261,"column":17},"end":{"line":261,"column":54}},"197":{"start":{"line":263,"column":4},"end":{"line":263,"column":108}},"198":{"start":{"line":263,"column":17},"end":{"line":263,"column":61}},"199":{"start":{"line":264,"column":4},"end":{"line":264,"column":101}},"200":{"start":{"line":264,"column":17},"end":{"line":264,"column":59}},"201":{"start":{"line":265,"column":4},"end":{"line":265,"column":107}},"202":{"start":{"line":265,"column":17},"end":{"line":265,"column":62}},"203":{"start":{"line":266,"column":4},"end":{"line":266,"column":101}},"204":{"start":{"line":266,"column":17},"end":{"line":266,"column":60}},"205":{"start":{"line":267,"column":4},"end":{"line":267,"column":116}},"206":{"start":{"line":267,"column":17},"end":{"line":267,"column":60}},"207":{"start":{"line":268,"column":4},"end":{"line":268,"column":117}},"208":{"start":{"line":268,"column":17},"end":{"line":268,"column":67}},"209":{"start":{"line":269,"column":4},"end":{"line":269,"column":107}},"210":{"start":{"line":269,"column":17},"end":{"line":269,"column":62}},"211":{"start":{"line":270,"column":4},"end":{"line":270,"column":116}},"212":{"start":{"line":270,"column":17},"end":{"line":270,"column":60}},"213":{"start":{"line":271,"column":4},"end":{"line":271,"column":121}},"214":{"start":{"line":271,"column":17},"end":{"line":271,"column":65}},"215":{"start":{"line":274,"column":2},"end":{"line":274,"column":96}},"216":{"start":{"line":274,"column":14},"end":{"line":274,"column":95}}},"fnMap":{"0":{"name":"(anonymous_0)","decl":{"start":{"line":10,"column":36},"end":{"line":10,"column":37}},"loc":{"start":{"line":10,"column":42},"end":{"line":275,"column":1}},"line":10},"1":{"name":"(anonymous_1)","decl":{"start":{"line":11,"column":9},"end":{"line":11,"column":10}},"loc":{"start":{"line":11,"column":15},"end":{"line":11,"column":44}},"line":11},"2":{"name":"(anonymous_2)","decl":{"start":{"line":16,"column":13},"end":{"line":16,"column":14}},"loc":{"start":{"line":16,"column":25},"end":{"line":56,"column":3}},"line":16},"3":{"name":"(anonymous_3)","decl":{"start":{"line":58,"column":61},"end":{"line":58,"column":62}},"loc":{"start":{"line":58,"column":73},"end":{"line":66,"column":3}},"line":58},"4":{"name":"(anonymous_4)","decl":{"start":{"line":68,"column":43},"end":{"line":68,"column":44}},"loc":{"start":{"line":68,"column":55},"end":{"line":80,"column":3}},"line":68},"5":{"name":"(anonymous_5)","decl":{"start":{"line":82,"column":42},"end":{"line":82,"column":43}},"loc":{"start":{"line":82,"column":54},"end":{"line":94,"column":3}},"line":82},"6":{"name":"(anonymous_6)","decl":{"start":{"line":96,"column":45},"end":{"line":96,"column":46}},"loc":{"start":{"line":96,"column":57},"end":{"line":108,"column":3}},"line":96},"7":{"name":"(anonymous_7)","decl":{"start":{"line":110,"column":36},"end":{"line":110,"column":37}},"loc":{"start":{"line":110,"column":42},"end":{"line":188,"column":3}},"line":110},"8":{"name":"(anonymous_8)","decl":{"start":{"line":111,"column":15},"end":{"line":111,"column":16}},"loc":{"start":{"line":111,"column":27},"end":{"line":144,"column":5}},"line":111},"9":{"name":"(anonymous_9)","decl":{"start":{"line":146,"column":57},"end":{"line":146,"column":58}},"loc":{"start":{"line":146,"column":69},"end":{"line":158,"column":5}},"line":146},"10":{"name":"(anonymous_10)","decl":{"start":{"line":160,"column":62},"end":{"line":160,"column":63}},"loc":{"start":{"line":160,"column":74},"end":{"line":172,"column":5}},"line":160},"11":{"name":"(anonymous_11)","decl":{"start":{"line":174,"column":65},"end":{"line":174,"column":66}},"loc":{"start":{"line":174,"column":77},"end":{"line":186,"column":5}},"line":174},"12":{"name":"(anonymous_12)","decl":{"start":{"line":190,"column":55},"end":{"line":190,"column":56}},"loc":{"start":{"line":190,"column":61},"end":{"line":239,"column":3}},"line":190},"13":{"name":"(anonymous_13)","decl":{"start":{"line":191,"column":15},"end":{"line":191,"column":16}},"loc":{"start":{"line":191,"column":27},"end":{"line":224,"column":5}},"line":191},"14":{"name":"(anonymous_14)","decl":{"start":{"line":226,"column":72},"end":{"line":226,"column":73}},"loc":{"start":{"line":226,"column":84},"end":{"line":238,"column":5}},"line":226},"15":{"name":"(anonymous_15)","decl":{"start":{"line":241,"column":85},"end":{"line":241,"column":86}},"loc":{"start":{"line":241,"column":91},"end":{"line":272,"column":3}},"line":241},"16":{"name":"(anonymous_16)","decl":{"start":{"line":242,"column":11},"end":{"line":242,"column":12}},"loc":{"start":{"line":242,"column":17},"end":{"line":242,"column":36}},"line":242},"17":{"name":"(anonymous_17)","decl":{"start":{"line":244,"column":11},"end":{"line":244,"column":12}},"loc":{"start":{"line":244,"column":17},"end":{"line":244,"column":34}},"line":244},"18":{"name":"(anonymous_18)","decl":{"start":{"line":245,"column":11},"end":{"line":245,"column":12}},"loc":{"start":{"line":245,"column":17},"end":{"line":245,"column":37}},"line":245},"19":{"name":"(anonymous_19)","decl":{"start":{"line":246,"column":11},"end":{"line":246,"column":12}},"loc":{"start":{"line":246,"column":17},"end":{"line":246,"column":35}},"line":246},"20":{"name":"(anonymous_20)","decl":{"start":{"line":247,"column":11},"end":{"line":247,"column":12}},"loc":{"start":{"line":247,"column":17},"end":{"line":247,"column":35}},"line":247},"21":{"name":"(anonymous_21)","decl":{"start":{"line":248,"column":11},"end":{"line":248,"column":12}},"loc":{"start":{"line":248,"column":17},"end":{"line":248,"column":42}},"line":248},"22":{"name":"(anonymous_22)","decl":{"start":{"line":249,"column":11},"end":{"line":249,"column":12}},"loc":{"start":{"line":249,"column":17},"end":{"line":249,"column":37}},"line":249},"23":{"name":"(anonymous_23)","decl":{"start":{"line":251,"column":11},"end":{"line":251,"column":12}},"loc":{"start":{"line":251,"column":17},"end":{"line":251,"column":35}},"line":251},"24":{"name":"(anonymous_24)","decl":{"start":{"line":253,"column":11},"end":{"line":253,"column":12}},"loc":{"start":{"line":253,"column":17},"end":{"line":253,"column":50}},"line":253},"25":{"name":"(anonymous_25)","decl":{"start":{"line":254,"column":11},"end":{"line":254,"column":12}},"loc":{"start":{"line":254,"column":17},"end":{"line":254,"column":48}},"line":254},"26":{"name":"(anonymous_26)","decl":{"start":{"line":255,"column":11},"end":{"line":255,"column":12}},"loc":{"start":{"line":255,"column":17},"end":{"line":255,"column":51}},"line":255},"27":{"name":"(anonymous_27)","decl":{"start":{"line":256,"column":11},"end":{"line":256,"column":12}},"loc":{"start":{"line":256,"column":17},"end":{"line":256,"column":49}},"line":256},"28":{"name":"(anonymous_28)","decl":{"start":{"line":257,"column":11},"end":{"line":257,"column":12}},"loc":{"start":{"line":257,"column":17},"end":{"line":257,"column":49}},"line":257},"29":{"name":"(anonymous_29)","decl":{"start":{"line":258,"column":11},"end":{"line":258,"column":12}},"loc":{"start":{"line":258,"column":17},"end":{"line":258,"column":56}},"line":258},"30":{"name":"(anonymous_30)","decl":{"start":{"line":259,"column":11},"end":{"line":259,"column":12}},"loc":{"start":{"line":259,"column":17},"end":{"line":259,"column":51}},"line":259},"31":{"name":"(anonymous_31)","decl":{"start":{"line":260,"column":11},"end":{"line":260,"column":12}},"loc":{"start":{"line":260,"column":17},"end":{"line":260,"column":49}},"line":260},"32":{"name":"(anonymous_32)","decl":{"start":{"line":261,"column":11},"end":{"line":261,"column":12}},"loc":{"start":{"line":261,"column":17},"end":{"line":261,"column":54}},"line":261},"33":{"name":"(anonymous_33)","decl":{"start":{"line":263,"column":11},"end":{"line":263,"column":12}},"loc":{"start":{"line":263,"column":17},"end":{"line":263,"column":61}},"line":263},"34":{"name":"(anonymous_34)","decl":{"start":{"line":264,"column":11},"end":{"line":264,"column":12}},"loc":{"start":{"line":264,"column":17},"end":{"line":264,"column":59}},"line":264},"35":{"name":"(anonymous_35)","decl":{"start":{"line":265,"column":11},"end":{"line":265,"column":12}},"loc":{"start":{"line":265,"column":17},"end":{"line":265,"column":62}},"line":265},"36":{"name":"(anonymous_36)","decl":{"start":{"line":266,"column":11},"end":{"line":266,"column":12}},"loc":{"start":{"line":266,"column":17},"end":{"line":266,"column":60}},"line":266},"37":{"name":"(anonymous_37)","decl":{"start":{"line":267,"column":11},"end":{"line":267,"column":12}},"loc":{"start":{"line":267,"column":17},"end":{"line":267,"column":60}},"line":267},"38":{"name":"(anonymous_38)","decl":{"start":{"line":268,"column":11},"end":{"line":268,"column":12}},"loc":{"start":{"line":268,"column":17},"end":{"line":268,"column":67}},"line":268},"39":{"name":"(anonymous_39)","decl":{"start":{"line":269,"column":11},"end":{"line":269,"column":12}},"loc":{"start":{"line":269,"column":17},"end":{"line":269,"column":62}},"line":269},"40":{"name":"(anonymous_40)","decl":{"start":{"line":270,"column":11},"end":{"line":270,"column":12}},"loc":{"start":{"line":270,"column":17},"end":{"line":270,"column":60}},"line":270},"41":{"name":"(anonymous_41)","decl":{"start":{"line":271,"column":11},"end":{"line":271,"column":12}},"loc":{"start":{"line":271,"column":17},"end":{"line":271,"column":65}},"line":271},"42":{"name":"(anonymous_42)","decl":{"start":{"line":274,"column":8},"end":{"line":274,"column":9}},"loc":{"start":{"line":274,"column":14},"end":{"line":274,"column":95}},"line":274}},"branchMap":{},"s":{"0":1,"1":1,"2":1,"3":1,"4":1,"5":1,"6":1,"7":1,"8":1,"9":1,"10":1,"11":1,"12":1,"13":1,"14":9,"15":9,"16":9,"17":9,"18":9,"19":9,"20":9,"21":9,"22":9,"23":9,"24":9,"25":9,"26":9,"27":9,"28":9,"29":9,"30":9,"31":9,"32":9,"33":9,"34":9,"35":9,"36":9,"37":9,"38":9,"39":9,"40":9,"41":1,"42":1,"43":1,"44":1,"45":1,"46":1,"47":1,"48":1,"49":1,"50":0,"51":1,"52":1,"53":1,"54":1,"55":1,"56":1,"57":1,"58":1,"59":0,"60":1,"61":1,"62":1,"63":1,"64":1,"65":1,"66":1,"67":1,"68":0,"69":1,"70":1,"71":1,"72":1,"73":1,"74":1,"75":1,"76":3,"77":3,"78":3,"79":3,"80":3,"81":3,"82":3,"83":3,"84":3,"85":3,"86":3,"87":3,"88":3,"89":3,"90":3,"91":3,"92":3,"93":3,"94":3,"95":3,"96":3,"97":3,"98":3,"99":3,"100":1,"101":1,"102":1,"103":0,"104":1,"105":1,"106":1,"107":1,"108":1,"109":1,"110":1,"111":1,"112":0,"113":1,"114":1,"115":1,"116":1,"117":1,"118":1,"119":1,"120":1,"121":0,"122":1,"123":1,"124":1,"125":1,"126":1,"127":1,"128":1,"129":1,"130":1,"131":1,"132":1,"133":1,"134":1,"135":1,"136":1,"137":1,"138":1,"139":1,"140":1,"141":1,"142":1,"143":1,"144":1,"145":1,"146":1,"147":1,"148":1,"149":1,"150":1,"151":1,"152":1,"153":1,"154":1,"155":1,"156":0,"157":1,"158":1,"159":1,"160":1,"161":1,"162":1,"163":1,"164":1,"165":1,"166":1,"167":1,"168":1,"169":1,"170":1,"171":1,"172":1,"173":1,"174":1,"175":1,"176":1,"177":1,"178":1,"179":1,"180":1,"181":1,"182":1,"183":1,"184":1,"185":1,"186":1,"187":1,"188":1,"189":1,"190":1,"191":1,"192":1,"193":1,"194":1,"195":1,"196":1,"197":1,"198":1,"199":1,"200":1,"201":1,"202":1,"203":1,"204":1,"205":1,"206":1,"207":1,"208":1,"209":1,"210":1,"211":1,"212":1,"213":1,"214":1,"215":1,"216":1},"f":{"0":1,"1":1,"2":9,"3":1,"4":1,"5":1,"6":1,"7":1,"8":3,"9":1,"10":1,"11":1,"12":1,"13":1,"14":1,"15":1,"16":1,"17":1,"18":1,"19":1,"20":1,"21":1,"22":1,"23":1,"24":1,"25":1,"26":1,"27":1,"28":1,"29":1,"30":1,"31":1,"32":1,"33":1,"34":1,"35":1,"36":1,"37":1,"38":1,"39":1,"40":1,"41":1,"42":1},"b":{},"_coverageSchema":"43e27e138ebf9cfc5966b082cf9a028302ed4184","hash":"dcec6c99d19991c430bd272e8d94750a545880db","contentHash":"56b257782d79b405733c7544934f70e80ad41798324399c724ed533f2c0795ea"},"/home/luis/dev/Diana/Skylab/bootcamp/collab/skylab-bootcamp-201909/staff/diana-moreno/wheely/wheely-api/logic/practices/cancel-practice/index.js":{"path":"/home/luis/dev/Diana/Skylab/bootcamp/collab/skylab-bootcamp-201909/staff/diana-moreno/wheely/wheely-api/logic/practices/cancel-practice/index.js","statementMap":{"0":{"start":{"line":1,"column":77},"end":{"line":1,"column":100}},"1":{"start":{"line":2,"column":61},"end":{"line":2,"column":83}},"2":{"start":{"line":3,"column":29},"end":{"line":3,"column":79}},"3":{"start":{"line":4,"column":15},"end":{"line":4,"column":32}},"4":{"start":{"line":6,"column":0},"end":{"line":54,"column":1}},"5":{"start":{"line":8,"column":2},"end":{"line":8,"column":31}},"6":{"start":{"line":9,"column":2},"end":{"line":9,"column":55}},"7":{"start":{"line":10,"column":2},"end":{"line":10,"column":98}},"8":{"start":{"line":10,"column":39},"end":{"line":10,"column":98}},"9":{"start":{"line":12,"column":2},"end":{"line":12,"column":28}},"10":{"start":{"line":13,"column":2},"end":{"line":13,"column":49}},"11":{"start":{"line":14,"column":2},"end":{"line":14,"column":92}},"12":{"start":{"line":14,"column":36},"end":{"line":14,"column":92}},"13":{"start":{"line":16,"column":2},"end":{"line":16,"column":29}},"14":{"start":{"line":17,"column":2},"end":{"line":17,"column":51}},"15":{"start":{"line":18,"column":2},"end":{"line":18,"column":94}},"16":{"start":{"line":18,"column":37},"end":{"line":18,"column":94}},"17":{"start":{"line":20,"column":2},"end":{"line":53,"column":6}},"18":{"start":{"line":22,"column":18},"end":{"line":22,"column":73}},"19":{"start":{"line":23,"column":4},"end":{"line":23,"column":80}},"20":{"start":{"line":23,"column":18},"end":{"line":23,"column":80}},"21":{"start":{"line":26,"column":21},"end":{"line":26,"column":82}},"22":{"start":{"line":27,"column":4},"end":{"line":27,"column":86}},"23":{"start":{"line":27,"column":21},"end":{"line":27,"column":86}},"24":{"start":{"line":30,"column":19},"end":{"line":30,"column":112}},"25":{"start":{"line":31,"column":4},"end":{"line":31,"column":86}},"26":{"start":{"line":31,"column":19},"end":{"line":31,"column":86}},"27":{"start":{"line":34,"column":4},"end":{"line":36,"column":5}},"28":{"start":{"line":35,"column":6},"end":{"line":35,"column":89}},"29":{"start":{"line":39,"column":25},"end":{"line":39,"column":79}},"30":{"start":{"line":40,"column":22},"end":{"line":40,"column":70}},"31":{"start":{"line":41,"column":20},"end":{"line":41,"column":33}},"32":{"start":{"line":42,"column":23},"end":{"line":42,"column":39}},"33":{"start":{"line":43,"column":28},"end":{"line":43,"column":87}},"34":{"start":{"line":45,"column":4},"end":{"line":45,"column":95}},"35":{"start":{"line":48,"column":4},"end":{"line":48,"column":70}},"36":{"start":{"line":49,"column":6},"end":{"line":49,"column":121}},"37":{"start":{"line":52,"column":4},"end":{"line":52,"column":59}}},"fnMap":{"0":{"name":"(anonymous_0)","decl":{"start":{"line":6,"column":17},"end":{"line":6,"column":18}},"loc":{"start":{"line":6,"column":63},"end":{"line":54,"column":1}},"line":6},"1":{"name":"(anonymous_1)","decl":{"start":{"line":20,"column":10},"end":{"line":20,"column":11}},"loc":{"start":{"line":20,"column":22},"end":{"line":53,"column":3}},"line":20}},"branchMap":{"0":{"loc":{"start":{"line":10,"column":2},"end":{"line":10,"column":98}},"type":"if","locations":[{"start":{"line":10,"column":2},"end":{"line":10,"column":98}},{"start":{"line":10,"column":2},"end":{"line":10,"column":98}}],"line":10},"1":{"loc":{"start":{"line":14,"column":2},"end":{"line":14,"column":92}},"type":"if","locations":[{"start":{"line":14,"column":2},"end":{"line":14,"column":92}},{"start":{"line":14,"column":2},"end":{"line":14,"column":92}}],"line":14},"2":{"loc":{"start":{"line":18,"column":2},"end":{"line":18,"column":94}},"type":"if","locations":[{"start":{"line":18,"column":2},"end":{"line":18,"column":94}},{"start":{"line":18,"column":2},"end":{"line":18,"column":94}}],"line":18},"3":{"loc":{"start":{"line":23,"column":4},"end":{"line":23,"column":80}},"type":"if","locations":[{"start":{"line":23,"column":4},"end":{"line":23,"column":80}},{"start":{"line":23,"column":4},"end":{"line":23,"column":80}}],"line":23},"4":{"loc":{"start":{"line":27,"column":4},"end":{"line":27,"column":86}},"type":"if","locations":[{"start":{"line":27,"column":4},"end":{"line":27,"column":86}},{"start":{"line":27,"column":4},"end":{"line":27,"column":86}}],"line":27},"5":{"loc":{"start":{"line":31,"column":4},"end":{"line":31,"column":86}},"type":"if","locations":[{"start":{"line":31,"column":4},"end":{"line":31,"column":86}},{"start":{"line":31,"column":4},"end":{"line":31,"column":86}}],"line":31},"6":{"loc":{"start":{"line":34,"column":4},"end":{"line":36,"column":5}},"type":"if","locations":[{"start":{"line":34,"column":4},"end":{"line":36,"column":5}},{"start":{"line":34,"column":4},"end":{"line":36,"column":5}}],"line":34}},"s":{"0":1,"1":1,"2":1,"3":1,"4":1,"5":34,"6":28,"7":27,"8":1,"9":26,"10":20,"11":18,"12":1,"13":17,"14":11,"15":9,"16":1,"17":8,"18":8,"19":8,"20":2,"21":6,"22":6,"23":2,"24":4,"25":4,"26":1,"27":3,"28":2,"29":1,"30":1,"31":1,"32":1,"33":1,"34":1,"35":1,"36":1,"37":1},"f":{"0":34,"1":8},"b":{"0":[1,26],"1":[1,17],"2":[1,8],"3":[2,6],"4":[2,4],"5":[1,3],"6":[2,1]},"_coverageSchema":"43e27e138ebf9cfc5966b082cf9a028302ed4184","hash":"588bbd835985d37e3c702a1bdbc1740e894b815f","contentHash":"1bd598d7fa2bd98e7944bc945acacc54e295efc2361605587dd945349a16a75a"},"/home/luis/dev/Diana/Skylab/bootcamp/collab/skylab-bootcamp-201909/staff/diana-moreno/wheely/wheely-api/helpers/send-email-cancelation.js":{"path":"/home/luis/dev/Diana/Skylab/bootcamp/collab/skylab-bootcamp-201909/staff/diana-moreno/wheely/wheely-api/helpers/send-email-cancelation.js","statementMap":{"0":{"start":{"line":1,"column":46},"end":{"line":1,"column":53}},"1":{"start":{"line":2,"column":19},"end":{"line":2,"column":40}},"2":{"start":{"line":4,"column":0},"end":{"line":59,"column":1}},"3":{"start":{"line":5,"column":22},"end":{"line":11,"column":4}},"4":{"start":{"line":13,"column":23},"end":{"line":27,"column":3}},"5":{"start":{"line":29,"column":2},"end":{"line":35,"column":4}},"6":{"start":{"line":30,"column":4},"end":{"line":34,"column":5}},"7":{"start":{"line":31,"column":6},"end":{"line":31,"column":25}},"8":{"start":{"line":33,"column":6},"end":{"line":33,"column":50}},"9":{"start":{"line":38,"column":26},"end":{"line":50,"column":3}},"10":{"start":{"line":52,"column":2},"end":{"line":58,"column":4}},"11":{"start":{"line":53,"column":4},"end":{"line":57,"column":5}},"12":{"start":{"line":54,"column":6},"end":{"line":54,"column":25}},"13":{"start":{"line":56,"column":6},"end":{"line":56,"column":50}}},"fnMap":{"0":{"name":"(anonymous_0)","decl":{"start":{"line":4,"column":17},"end":{"line":4,"column":18}},"loc":{"start":{"line":4,"column":103},"end":{"line":59,"column":1}},"line":4},"1":{"name":"(anonymous_1)","decl":{"start":{"line":29,"column":43},"end":{"line":29,"column":44}},"loc":{"start":{"line":29,"column":65},"end":{"line":35,"column":3}},"line":29},"2":{"name":"(anonymous_2)","decl":{"start":{"line":52,"column":46},"end":{"line":52,"column":47}},"loc":{"start":{"line":52,"column":68},"end":{"line":58,"column":3}},"line":52}},"branchMap":{"0":{"loc":{"start":{"line":30,"column":4},"end":{"line":34,"column":5}},"type":"if","locations":[{"start":{"line":30,"column":4},"end":{"line":34,"column":5}},{"start":{"line":30,"column":4},"end":{"line":34,"column":5}}],"line":30},"1":{"loc":{"start":{"line":53,"column":4},"end":{"line":57,"column":5}},"type":"if","locations":[{"start":{"line":53,"column":4},"end":{"line":57,"column":5}},{"start":{"line":53,"column":4},"end":{"line":57,"column":5}}],"line":53}},"s":{"0":1,"1":1,"2":1,"3":1,"4":1,"5":1,"6":1,"7":0,"8":1,"9":1,"10":1,"11":1,"12":0,"13":1},"f":{"0":1,"1":1,"2":1},"b":{"0":[0,1],"1":[0,1]},"_coverageSchema":"43e27e138ebf9cfc5966b082cf9a028302ed4184","hash":"8c276668810e71b8d8fbc67432cdb05dbd0c2341","contentHash":"d0b3c0e34958ed682b682ce38052a400de2f52d3f61738299445c2aaa07a6ba1"},"/home/luis/dev/Diana/Skylab/bootcamp/collab/skylab-bootcamp-201909/staff/diana-moreno/wheely/wheely-api/logic/practices/create-practice/index.spec.js":{"path":"/home/luis/dev/Diana/Skylab/bootcamp/collab/skylab-bootcamp-201909/staff/diana-moreno/wheely/wheely-api/logic/practices/create-practice/index.spec.js","statementMap":{"0":{"start":{"line":1,"column":0},"end":{"line":1,"column":26}},"1":{"start":{"line":2,"column":33},"end":{"line":2,"column":40}},"2":{"start":{"line":3,"column":19},"end":{"line":3,"column":34}},"3":{"start":{"line":4,"column":23},"end":{"line":4,"column":35}},"4":{"start":{"line":5,"column":19},"end":{"line":5,"column":23}},"5":{"start":{"line":6,"column":91},"end":{"line":6,"column":113}},"6":{"start":{"line":7,"column":77},"end":{"line":7,"column":100}},"7":{"start":{"line":8,"column":15},"end":{"line":8,"column":32}},"8":{"start":{"line":11,"column":0},"end":{"line":303,"column":2}},"9":{"start":{"line":12,"column":2},"end":{"line":12,"column":45}},"10":{"start":{"line":12,"column":15},"end":{"line":12,"column":44}},"11":{"start":{"line":16,"column":2},"end":{"line":63,"column":4}},"12":{"start":{"line":18,"column":4},"end":{"line":18,"column":26}},"13":{"start":{"line":19,"column":4},"end":{"line":19,"column":35}},"14":{"start":{"line":20,"column":4},"end":{"line":20,"column":40}},"15":{"start":{"line":21,"column":4},"end":{"line":21,"column":37}},"16":{"start":{"line":22,"column":4},"end":{"line":22,"column":27}},"17":{"start":{"line":23,"column":4},"end":{"line":23,"column":20}},"18":{"start":{"line":25,"column":4},"end":{"line":25,"column":65}},"19":{"start":{"line":27,"column":18},"end":{"line":27,"column":82}},"20":{"start":{"line":28,"column":4},"end":{"line":28,"column":35}},"21":{"start":{"line":29,"column":4},"end":{"line":29,"column":31}},"22":{"start":{"line":31,"column":4},"end":{"line":31,"column":24}},"23":{"start":{"line":32,"column":4},"end":{"line":32,"column":26}},"24":{"start":{"line":35,"column":4},"end":{"line":35,"column":29}},"25":{"start":{"line":36,"column":4},"end":{"line":36,"column":35}},"26":{"start":{"line":37,"column":4},"end":{"line":37,"column":40}},"27":{"start":{"line":38,"column":4},"end":{"line":38,"column":27}},"28":{"start":{"line":39,"column":4},"end":{"line":39,"column":37}},"29":{"start":{"line":40,"column":4},"end":{"line":40,"column":23}},"30":{"start":{"line":42,"column":21},"end":{"line":42,"column":85}},"31":{"start":{"line":45,"column":4},"end":{"line":45,"column":89}},"32":{"start":{"line":47,"column":4},"end":{"line":47,"column":41}},"33":{"start":{"line":48,"column":4},"end":{"line":48,"column":100}},"34":{"start":{"line":49,"column":4},"end":{"line":49,"column":44}},"35":{"start":{"line":51,"column":4},"end":{"line":53,"column":5}},"36":{"start":{"line":51,"column":17},"end":{"line":51,"column":18}},"37":{"start":{"line":52,"column":6},"end":{"line":52,"column":93}},"38":{"start":{"line":54,"column":4},"end":{"line":54,"column":80}},"39":{"start":{"line":55,"column":4},"end":{"line":55,"column":32}},"40":{"start":{"line":58,"column":4},"end":{"line":58,"column":13}},"41":{"start":{"line":59,"column":19},"end":{"line":59,"column":62}},"42":{"start":{"line":60,"column":15},"end":{"line":60,"column":22}},"43":{"start":{"line":61,"column":4},"end":{"line":61,"column":60}},"44":{"start":{"line":65,"column":2},"end":{"line":89,"column":4}},"45":{"start":{"line":67,"column":18},"end":{"line":67,"column":73}},"46":{"start":{"line":68,"column":21},"end":{"line":68,"column":48}},"47":{"start":{"line":69,"column":23},"end":{"line":69,"column":74}},"48":{"start":{"line":70,"column":4},"end":{"line":70,"column":31}},"49":{"start":{"line":71,"column":4},"end":{"line":71,"column":40}},"50":{"start":{"line":72,"column":4},"end":{"line":72,"column":52}},"51":{"start":{"line":74,"column":21},"end":{"line":74,"column":56}},"52":{"start":{"line":76,"column":4},"end":{"line":76,"column":29}},"53":{"start":{"line":77,"column":4},"end":{"line":77,"column":34}},"54":{"start":{"line":78,"column":4},"end":{"line":78,"column":48}},"55":{"start":{"line":79,"column":4},"end":{"line":79,"column":70}},"56":{"start":{"line":80,"column":4},"end":{"line":80,"column":34}},"57":{"start":{"line":81,"column":4},"end":{"line":81,"column":42}},"58":{"start":{"line":82,"column":4},"end":{"line":82,"column":67}},"59":{"start":{"line":83,"column":4},"end":{"line":83,"column":61}},"60":{"start":{"line":84,"column":4},"end":{"line":84,"column":49}},"61":{"start":{"line":87,"column":4},"end":{"line":87,"column":69}},"62":{"start":{"line":88,"column":4},"end":{"line":88,"column":56}},"63":{"start":{"line":91,"column":2},"end":{"line":107,"column":4}},"64":{"start":{"line":92,"column":19},"end":{"line":92,"column":62}},"65":{"start":{"line":93,"column":15},"end":{"line":93,"column":22}},"66":{"start":{"line":94,"column":4},"end":{"line":94,"column":60}},"67":{"start":{"line":95,"column":4},"end":{"line":106,"column":5}},"68":{"start":{"line":96,"column":6},"end":{"line":96,"column":57}},"69":{"start":{"line":97,"column":6},"end":{"line":97,"column":48}},"70":{"start":{"line":100,"column":6},"end":{"line":100,"column":28}},"71":{"start":{"line":101,"column":6},"end":{"line":101,"column":36}},"72":{"start":{"line":102,"column":6},"end":{"line":102,"column":53}},"73":{"start":{"line":103,"column":6},"end":{"line":103,"column":55}},"74":{"start":{"line":104,"column":6},"end":{"line":104,"column":54}},"75":{"start":{"line":105,"column":6},"end":{"line":105,"column":81}},"76":{"start":{"line":109,"column":2},"end":{"line":124,"column":4}},"77":{"start":{"line":110,"column":17},"end":{"line":110,"column":43}},"78":{"start":{"line":111,"column":4},"end":{"line":123,"column":5}},"79":{"start":{"line":112,"column":6},"end":{"line":112,"column":54}},"80":{"start":{"line":114,"column":6},"end":{"line":114,"column":48}},"81":{"start":{"line":117,"column":6},"end":{"line":117,"column":28}},"82":{"start":{"line":118,"column":6},"end":{"line":118,"column":36}},"83":{"start":{"line":119,"column":6},"end":{"line":119,"column":53}},"84":{"start":{"line":120,"column":6},"end":{"line":120,"column":55}},"85":{"start":{"line":121,"column":6},"end":{"line":121,"column":54}},"86":{"start":{"line":122,"column":6},"end":{"line":122,"column":72}},"87":{"start":{"line":126,"column":2},"end":{"line":139,"column":4}},"88":{"start":{"line":127,"column":22},"end":{"line":127,"column":38}},"89":{"start":{"line":128,"column":4},"end":{"line":138,"column":5}},"90":{"start":{"line":129,"column":6},"end":{"line":129,"column":64}},"91":{"start":{"line":130,"column":6},"end":{"line":130,"column":48}},"92":{"start":{"line":133,"column":6},"end":{"line":133,"column":28}},"93":{"start":{"line":134,"column":6},"end":{"line":134,"column":36}},"94":{"start":{"line":135,"column":6},"end":{"line":135,"column":53}},"95":{"start":{"line":136,"column":6},"end":{"line":136,"column":55}},"96":{"start":{"line":137,"column":6},"end":{"line":137,"column":85}},"97":{"start":{"line":141,"column":2},"end":{"line":155,"column":4}},"98":{"start":{"line":142,"column":17},"end":{"line":142,"column":43}},"99":{"start":{"line":143,"column":4},"end":{"line":154,"column":5}},"100":{"start":{"line":144,"column":6},"end":{"line":144,"column":51}},"101":{"start":{"line":146,"column":6},"end":{"line":146,"column":48}},"102":{"start":{"line":149,"column":6},"end":{"line":149,"column":28}},"103":{"start":{"line":150,"column":6},"end":{"line":150,"column":36}},"104":{"start":{"line":151,"column":6},"end":{"line":151,"column":53}},"105":{"start":{"line":152,"column":6},"end":{"line":152,"column":55}},"106":{"start":{"line":153,"column":6},"end":{"line":153,"column":72}},"107":{"start":{"line":157,"column":2},"end":{"line":207,"column":4}},"108":{"start":{"line":158,"column":4},"end":{"line":192,"column":6}},"109":{"start":{"line":160,"column":6},"end":{"line":160,"column":28}},"110":{"start":{"line":161,"column":6},"end":{"line":161,"column":37}},"111":{"start":{"line":162,"column":6},"end":{"line":162,"column":42}},"112":{"start":{"line":163,"column":6},"end":{"line":163,"column":29}},"113":{"start":{"line":164,"column":6},"end":{"line":164,"column":39}},"114":{"start":{"line":165,"column":6},"end":{"line":165,"column":22}},"115":{"start":{"line":167,"column":6},"end":{"line":167,"column":67}},"116":{"start":{"line":169,"column":20},"end":{"line":169,"column":84}},"117":{"start":{"line":170,"column":6},"end":{"line":170,"column":37}},"118":{"start":{"line":172,"column":6},"end":{"line":172,"column":26}},"119":{"start":{"line":173,"column":6},"end":{"line":173,"column":28}},"120":{"start":{"line":177,"column":6},"end":{"line":177,"column":31}},"121":{"start":{"line":178,"column":6},"end":{"line":178,"column":37}},"122":{"start":{"line":179,"column":6},"end":{"line":179,"column":42}},"123":{"start":{"line":180,"column":6},"end":{"line":180,"column":29}},"124":{"start":{"line":181,"column":6},"end":{"line":181,"column":39}},"125":{"start":{"line":182,"column":6},"end":{"line":182,"column":25}},"126":{"start":{"line":184,"column":23},"end":{"line":184,"column":87}},"127":{"start":{"line":185,"column":6},"end":{"line":185,"column":43}},"128":{"start":{"line":186,"column":6},"end":{"line":186,"column":29}},"129":{"start":{"line":187,"column":6},"end":{"line":187,"column":34}},"130":{"start":{"line":190,"column":6},"end":{"line":190,"column":15}},"131":{"start":{"line":191,"column":6},"end":{"line":191,"column":23}},"132":{"start":{"line":194,"column":4},"end":{"line":206,"column":6}},"133":{"start":{"line":195,"column":6},"end":{"line":205,"column":7}},"134":{"start":{"line":196,"column":8},"end":{"line":196,"column":59}},"135":{"start":{"line":197,"column":8},"end":{"line":197,"column":50}},"136":{"start":{"line":200,"column":8},"end":{"line":200,"column":30}},"137":{"start":{"line":201,"column":8},"end":{"line":201,"column":38}},"138":{"start":{"line":202,"column":8},"end":{"line":202,"column":55}},"139":{"start":{"line":203,"column":8},"end":{"line":203,"column":57}},"140":{"start":{"line":204,"column":8},"end":{"line":204,"column":61}},"141":{"start":{"line":209,"column":2},"end":{"line":279,"column":4}},"142":{"start":{"line":210,"column":4},"end":{"line":256,"column":6}},"143":{"start":{"line":212,"column":6},"end":{"line":212,"column":31}},"144":{"start":{"line":213,"column":6},"end":{"line":213,"column":37}},"145":{"start":{"line":214,"column":6},"end":{"line":214,"column":42}},"146":{"start":{"line":215,"column":6},"end":{"line":215,"column":29}},"147":{"start":{"line":216,"column":6},"end":{"line":216,"column":39}},"148":{"start":{"line":217,"column":6},"end":{"line":217,"column":22}},"149":{"start":{"line":219,"column":6},"end":{"line":219,"column":67}},"150":{"start":{"line":221,"column":22},"end":{"line":221,"column":86}},"151":{"start":{"line":222,"column":6},"end":{"line":222,"column":37}},"152":{"start":{"line":223,"column":6},"end":{"line":223,"column":33}},"153":{"start":{"line":224,"column":6},"end":{"line":224,"column":26}},"154":{"start":{"line":225,"column":6},"end":{"line":225,"column":28}},"155":{"start":{"line":228,"column":6},"end":{"line":228,"column":31}},"156":{"start":{"line":229,"column":6},"end":{"line":229,"column":37}},"157":{"start":{"line":230,"column":6},"end":{"line":230,"column":42}},"158":{"start":{"line":231,"column":6},"end":{"line":231,"column":29}},"159":{"start":{"line":232,"column":6},"end":{"line":232,"column":39}},"160":{"start":{"line":233,"column":6},"end":{"line":233,"column":25}},"161":{"start":{"line":235,"column":23},"end":{"line":235,"column":87}},"162":{"start":{"line":237,"column":6},"end":{"line":237,"column":91}},"163":{"start":{"line":239,"column":6},"end":{"line":239,"column":43}},"164":{"start":{"line":240,"column":6},"end":{"line":240,"column":102}},"165":{"start":{"line":241,"column":6},"end":{"line":241,"column":46}},"166":{"start":{"line":243,"column":6},"end":{"line":245,"column":7}},"167":{"start":{"line":243,"column":19},"end":{"line":243,"column":20}},"168":{"start":{"line":244,"column":8},"end":{"line":244,"column":95}},"169":{"start":{"line":246,"column":6},"end":{"line":246,"column":82}},"170":{"start":{"line":247,"column":6},"end":{"line":247,"column":34}},"171":{"start":{"line":250,"column":6},"end":{"line":250,"column":15}},"172":{"start":{"line":251,"column":21},"end":{"line":251,"column":64}},"173":{"start":{"line":252,"column":17},"end":{"line":252,"column":24}},"174":{"start":{"line":253,"column":6},"end":{"line":253,"column":62}},"175":{"start":{"line":254,"column":6},"end":{"line":254,"column":73}},"176":{"start":{"line":255,"column":6},"end":{"line":255,"column":30}},"177":{"start":{"line":258,"column":4},"end":{"line":277,"column":6}},"178":{"start":{"line":260,"column":21},"end":{"line":260,"column":64}},"179":{"start":{"line":261,"column":17},"end":{"line":261,"column":24}},"180":{"start":{"line":262,"column":6},"end":{"line":262,"column":62}},"181":{"start":{"line":263,"column":6},"end":{"line":276,"column":7}},"182":{"start":{"line":264,"column":28},"end":{"line":264,"column":63}},"183":{"start":{"line":265,"column":8},"end":{"line":265,"column":38}},"184":{"start":{"line":266,"column":8},"end":{"line":266,"column":16}},"185":{"start":{"line":267,"column":8},"end":{"line":267,"column":59}},"186":{"start":{"line":268,"column":8},"end":{"line":268,"column":50}},"187":{"start":{"line":271,"column":8},"end":{"line":271,"column":30}},"188":{"start":{"line":272,"column":8},"end":{"line":272,"column":38}},"189":{"start":{"line":273,"column":8},"end":{"line":273,"column":55}},"190":{"start":{"line":274,"column":8},"end":{"line":274,"column":57}},"191":{"start":{"line":275,"column":8},"end":{"line":275,"column":83}},"192":{"start":{"line":281,"column":2},"end":{"line":300,"column":4}},"193":{"start":{"line":282,"column":4},"end":{"line":282,"column":83}},"194":{"start":{"line":282,"column":17},"end":{"line":282,"column":36}},"195":{"start":{"line":283,"column":4},"end":{"line":283,"column":76}},"196":{"start":{"line":283,"column":17},"end":{"line":283,"column":34}},"197":{"start":{"line":284,"column":4},"end":{"line":284,"column":82}},"198":{"start":{"line":284,"column":17},"end":{"line":284,"column":37}},"199":{"start":{"line":285,"column":4},"end":{"line":285,"column":76}},"200":{"start":{"line":285,"column":17},"end":{"line":285,"column":35}},"201":{"start":{"line":286,"column":4},"end":{"line":286,"column":91}},"202":{"start":{"line":286,"column":17},"end":{"line":286,"column":35}},"203":{"start":{"line":287,"column":4},"end":{"line":287,"column":92}},"204":{"start":{"line":287,"column":17},"end":{"line":287,"column":42}},"205":{"start":{"line":288,"column":4},"end":{"line":288,"column":82}},"206":{"start":{"line":288,"column":17},"end":{"line":288,"column":37}},"207":{"start":{"line":289,"column":4},"end":{"line":289,"column":93}},"208":{"start":{"line":289,"column":17},"end":{"line":289,"column":35}},"209":{"start":{"line":291,"column":4},"end":{"line":291,"column":97}},"210":{"start":{"line":291,"column":17},"end":{"line":291,"column":50}},"211":{"start":{"line":292,"column":4},"end":{"line":292,"column":90}},"212":{"start":{"line":292,"column":17},"end":{"line":292,"column":48}},"213":{"start":{"line":293,"column":4},"end":{"line":293,"column":96}},"214":{"start":{"line":293,"column":17},"end":{"line":293,"column":51}},"215":{"start":{"line":294,"column":4},"end":{"line":294,"column":90}},"216":{"start":{"line":294,"column":17},"end":{"line":294,"column":49}},"217":{"start":{"line":295,"column":4},"end":{"line":295,"column":105}},"218":{"start":{"line":295,"column":17},"end":{"line":295,"column":49}},"219":{"start":{"line":296,"column":4},"end":{"line":296,"column":106}},"220":{"start":{"line":296,"column":17},"end":{"line":296,"column":56}},"221":{"start":{"line":297,"column":4},"end":{"line":297,"column":96}},"222":{"start":{"line":297,"column":17},"end":{"line":297,"column":51}},"223":{"start":{"line":298,"column":4},"end":{"line":298,"column":104}},"224":{"start":{"line":298,"column":17},"end":{"line":298,"column":49}},"225":{"start":{"line":299,"column":4},"end":{"line":299,"column":109}},"226":{"start":{"line":299,"column":17},"end":{"line":299,"column":54}},"227":{"start":{"line":302,"column":2},"end":{"line":302,"column":96}},"228":{"start":{"line":302,"column":14},"end":{"line":302,"column":95}}},"fnMap":{"0":{"name":"(anonymous_0)","decl":{"start":{"line":11,"column":36},"end":{"line":11,"column":37}},"loc":{"start":{"line":11,"column":42},"end":{"line":303,"column":1}},"line":11},"1":{"name":"(anonymous_1)","decl":{"start":{"line":12,"column":9},"end":{"line":12,"column":10}},"loc":{"start":{"line":12,"column":15},"end":{"line":12,"column":44}},"line":12},"2":{"name":"(anonymous_2)","decl":{"start":{"line":16,"column":13},"end":{"line":16,"column":14}},"loc":{"start":{"line":16,"column":25},"end":{"line":63,"column":3}},"line":16},"3":{"name":"(anonymous_3)","decl":{"start":{"line":65,"column":48},"end":{"line":65,"column":49}},"loc":{"start":{"line":65,"column":60},"end":{"line":89,"column":3}},"line":65},"4":{"name":"(anonymous_4)","decl":{"start":{"line":91,"column":80},"end":{"line":91,"column":81}},"loc":{"start":{"line":91,"column":92},"end":{"line":107,"column":3}},"line":91},"5":{"name":"(anonymous_5)","decl":{"start":{"line":109,"column":42},"end":{"line":109,"column":43}},"loc":{"start":{"line":109,"column":54},"end":{"line":124,"column":3}},"line":109},"6":{"name":"(anonymous_6)","decl":{"start":{"line":126,"column":36},"end":{"line":126,"column":37}},"loc":{"start":{"line":126,"column":48},"end":{"line":139,"column":3}},"line":126},"7":{"name":"(anonymous_7)","decl":{"start":{"line":141,"column":45},"end":{"line":141,"column":46}},"loc":{"start":{"line":141,"column":57},"end":{"line":155,"column":3}},"line":141},"8":{"name":"(anonymous_8)","decl":{"start":{"line":157,"column":47},"end":{"line":157,"column":48}},"loc":{"start":{"line":157,"column":53},"end":{"line":207,"column":3}},"line":157},"9":{"name":"(anonymous_9)","decl":{"start":{"line":158,"column":15},"end":{"line":158,"column":16}},"loc":{"start":{"line":158,"column":27},"end":{"line":192,"column":5}},"line":158},"10":{"name":"(anonymous_10)","decl":{"start":{"line":194,"column":57},"end":{"line":194,"column":58}},"loc":{"start":{"line":194,"column":69},"end":{"line":206,"column":5}},"line":194},"11":{"name":"(anonymous_11)","decl":{"start":{"line":209,"column":43},"end":{"line":209,"column":44}},"loc":{"start":{"line":209,"column":49},"end":{"line":279,"column":3}},"line":209},"12":{"name":"(anonymous_12)","decl":{"start":{"line":210,"column":15},"end":{"line":210,"column":16}},"loc":{"start":{"line":210,"column":27},"end":{"line":256,"column":5}},"line":210},"13":{"name":"(anonymous_13)","decl":{"start":{"line":258,"column":51},"end":{"line":258,"column":52}},"loc":{"start":{"line":258,"column":63},"end":{"line":277,"column":5}},"line":258},"14":{"name":"(anonymous_14)","decl":{"start":{"line":281,"column":79},"end":{"line":281,"column":80}},"loc":{"start":{"line":281,"column":85},"end":{"line":300,"column":3}},"line":281},"15":{"name":"(anonymous_15)","decl":{"start":{"line":282,"column":11},"end":{"line":282,"column":12}},"loc":{"start":{"line":282,"column":17},"end":{"line":282,"column":36}},"line":282},"16":{"name":"(anonymous_16)","decl":{"start":{"line":283,"column":11},"end":{"line":283,"column":12}},"loc":{"start":{"line":283,"column":17},"end":{"line":283,"column":34}},"line":283},"17":{"name":"(anonymous_17)","decl":{"start":{"line":284,"column":11},"end":{"line":284,"column":12}},"loc":{"start":{"line":284,"column":17},"end":{"line":284,"column":37}},"line":284},"18":{"name":"(anonymous_18)","decl":{"start":{"line":285,"column":11},"end":{"line":285,"column":12}},"loc":{"start":{"line":285,"column":17},"end":{"line":285,"column":35}},"line":285},"19":{"name":"(anonymous_19)","decl":{"start":{"line":286,"column":11},"end":{"line":286,"column":12}},"loc":{"start":{"line":286,"column":17},"end":{"line":286,"column":35}},"line":286},"20":{"name":"(anonymous_20)","decl":{"start":{"line":287,"column":11},"end":{"line":287,"column":12}},"loc":{"start":{"line":287,"column":17},"end":{"line":287,"column":42}},"line":287},"21":{"name":"(anonymous_21)","decl":{"start":{"line":288,"column":11},"end":{"line":288,"column":12}},"loc":{"start":{"line":288,"column":17},"end":{"line":288,"column":37}},"line":288},"22":{"name":"(anonymous_22)","decl":{"start":{"line":289,"column":11},"end":{"line":289,"column":12}},"loc":{"start":{"line":289,"column":17},"end":{"line":289,"column":35}},"line":289},"23":{"name":"(anonymous_23)","decl":{"start":{"line":291,"column":11},"end":{"line":291,"column":12}},"loc":{"start":{"line":291,"column":17},"end":{"line":291,"column":50}},"line":291},"24":{"name":"(anonymous_24)","decl":{"start":{"line":292,"column":11},"end":{"line":292,"column":12}},"loc":{"start":{"line":292,"column":17},"end":{"line":292,"column":48}},"line":292},"25":{"name":"(anonymous_25)","decl":{"start":{"line":293,"column":11},"end":{"line":293,"column":12}},"loc":{"start":{"line":293,"column":17},"end":{"line":293,"column":51}},"line":293},"26":{"name":"(anonymous_26)","decl":{"start":{"line":294,"column":11},"end":{"line":294,"column":12}},"loc":{"start":{"line":294,"column":17},"end":{"line":294,"column":49}},"line":294},"27":{"name":"(anonymous_27)","decl":{"start":{"line":295,"column":11},"end":{"line":295,"column":12}},"loc":{"start":{"line":295,"column":17},"end":{"line":295,"column":49}},"line":295},"28":{"name":"(anonymous_28)","decl":{"start":{"line":296,"column":11},"end":{"line":296,"column":12}},"loc":{"start":{"line":296,"column":17},"end":{"line":296,"column":56}},"line":296},"29":{"name":"(anonymous_29)","decl":{"start":{"line":297,"column":11},"end":{"line":297,"column":12}},"loc":{"start":{"line":297,"column":17},"end":{"line":297,"column":51}},"line":297},"30":{"name":"(anonymous_30)","decl":{"start":{"line":298,"column":11},"end":{"line":298,"column":12}},"loc":{"start":{"line":298,"column":17},"end":{"line":298,"column":49}},"line":298},"31":{"name":"(anonymous_31)","decl":{"start":{"line":299,"column":11},"end":{"line":299,"column":12}},"loc":{"start":{"line":299,"column":17},"end":{"line":299,"column":54}},"line":299},"32":{"name":"(anonymous_32)","decl":{"start":{"line":302,"column":8},"end":{"line":302,"column":9}},"loc":{"start":{"line":302,"column":14},"end":{"line":302,"column":95}},"line":302}},"branchMap":{},"s":{"0":1,"1":1,"2":1,"3":1,"4":1,"5":1,"6":1,"7":1,"8":1,"9":1,"10":1,"11":1,"12":8,"13":8,"14":8,"15":8,"16":8,"17":8,"18":8,"19":8,"20":8,"21":8,"22":8,"23":8,"24":8,"25":8,"26":8,"27":8,"28":8,"29":8,"30":8,"31":8,"32":8,"33":8,"34":8,"35":8,"36":8,"37":56,"38":8,"39":8,"40":8,"41":8,"42":8,"43":8,"44":1,"45":1,"46":1,"47":1,"48":1,"49":1,"50":1,"51":1,"52":1,"53":1,"54":1,"55":1,"56":1,"57":1,"58":1,"59":1,"60":1,"61":1,"62":1,"63":1,"64":1,"65":1,"66":1,"67":1,"68":1,"69":0,"70":1,"71":1,"72":1,"73":1,"74":1,"75":1,"76":1,"77":1,"78":1,"79":1,"80":0,"81":1,"82":1,"83":1,"84":1,"85":1,"86":1,"87":1,"88":1,"89":1,"90":1,"91":0,"92":1,"93":1,"94":1,"95":1,"96":1,"97":1,"98":1,"99":1,"100":1,"101":0,"102":1,"103":1,"104":1,"105":1,"106":1,"107":1,"108":1,"109":1,"110":1,"111":1,"112":1,"113":1,"114":1,"115":1,"116":1,"117":1,"118":1,"119":1,"120":1,"121":1,"122":1,"123":1,"124":1,"125":1,"126":1,"127":1,"128":1,"129":1,"130":1,"131":1,"132":1,"133":1,"134":1,"135":0,"136":1,"137":1,"138":1,"139":1,"140":1,"141":1,"142":1,"143":1,"144":1,"145":1,"146":1,"147":1,"148":1,"149":1,"150":1,"151":1,"152":1,"153":1,"154":1,"155":1,"156":1,"157":1,"158":1,"159":1,"160":1,"161":1,"162":1,"163":1,"164":1,"165":1,"166":1,"167":1,"168":7,"169":1,"170":1,"171":1,"172":1,"173":1,"174":1,"175":1,"176":1,"177":1,"178":1,"179":1,"180":1,"181":1,"182":1,"183":1,"184":1,"185":1,"186":0,"187":1,"188":1,"189":1,"190":1,"191":1,"192":1,"193":1,"194":1,"195":1,"196":1,"197":1,"198":1,"199":1,"200":1,"201":1,"202":1,"203":1,"204":1,"205":1,"206":1,"207":1,"208":1,"209":1,"210":1,"211":1,"212":1,"213":1,"214":1,"215":1,"216":1,"217":1,"218":1,"219":1,"220":1,"221":1,"222":1,"223":1,"224":1,"225":1,"226":1,"227":1,"228":1},"f":{"0":1,"1":1,"2":8,"3":1,"4":1,"5":1,"6":1,"7":1,"8":1,"9":1,"10":1,"11":1,"12":1,"13":1,"14":1,"15":1,"16":1,"17":1,"18":1,"19":1,"20":1,"21":1,"22":1,"23":1,"24":1,"25":1,"26":1,"27":1,"28":1,"29":1,"30":1,"31":1,"32":1},"b":{},"_coverageSchema":"43e27e138ebf9cfc5966b082cf9a028302ed4184","hash":"79e4c690951762dfb3d114b74eba6d2e8b8dcced","contentHash":"ccb8f50bcefc7136851b7d9ac0a455b832ef0a414c78bb1dae76459d3d3fae23"},"/home/luis/dev/Diana/Skylab/bootcamp/collab/skylab-bootcamp-201909/staff/diana-moreno/wheely/wheely-api/logic/practices/create-practice/index.js":{"path":"/home/luis/dev/Diana/Skylab/bootcamp/collab/skylab-bootcamp-201909/staff/diana-moreno/wheely/wheely-api/logic/practices/create-practice/index.js","statementMap":{"0":{"start":{"line":1,"column":77},"end":{"line":1,"column":100}},"1":{"start":{"line":2,"column":49},"end":{"line":2,"column":71}},"2":{"start":{"line":3,"column":15},"end":{"line":3,"column":32}},"3":{"start":{"line":4,"column":18},"end":{"line":4,"column":56}},"4":{"start":{"line":6,"column":0},"end":{"line":78,"column":1}},"5":{"start":{"line":8,"column":2},"end":{"line":8,"column":31}},"6":{"start":{"line":9,"column":2},"end":{"line":9,"column":55}},"7":{"start":{"line":10,"column":2},"end":{"line":10,"column":98}},"8":{"start":{"line":10,"column":39},"end":{"line":10,"column":98}},"9":{"start":{"line":12,"column":2},"end":{"line":12,"column":28}},"10":{"start":{"line":13,"column":2},"end":{"line":13,"column":49}},"11":{"start":{"line":14,"column":2},"end":{"line":14,"column":92}},"12":{"start":{"line":14,"column":36},"end":{"line":14,"column":92}},"13":{"start":{"line":16,"column":2},"end":{"line":16,"column":23}},"14":{"start":{"line":18,"column":2},"end":{"line":77,"column":6}},"15":{"start":{"line":21,"column":18},"end":{"line":21,"column":83}},"16":{"start":{"line":22,"column":4},"end":{"line":22,"column":12}},"17":{"start":{"line":23,"column":4},"end":{"line":23,"column":80}},"18":{"start":{"line":23,"column":18},"end":{"line":23,"column":80}},"19":{"start":{"line":26,"column":4},"end":{"line":76,"column":5}},"20":{"start":{"line":29,"column":23},"end":{"line":29,"column":94}},"21":{"start":{"line":30,"column":6},"end":{"line":30,"column":88}},"22":{"start":{"line":30,"column":23},"end":{"line":30,"column":88}},"23":{"start":{"line":33,"column":25},"end":{"line":33,"column":91}},"24":{"start":{"line":34,"column":6},"end":{"line":34,"column":92}},"25":{"start":{"line":34,"column":24},"end":{"line":34,"column":92}},"26":{"start":{"line":38,"column":6},"end":{"line":40,"column":7}},"27":{"start":{"line":39,"column":8},"end":{"line":39,"column":73}},"28":{"start":{"line":43,"column":19},"end":{"line":43,"column":47}},"29":{"start":{"line":44,"column":23},"end":{"line":44,"column":41}},"30":{"start":{"line":45,"column":22},"end":{"line":45,"column":27}},"31":{"start":{"line":47,"column":6},"end":{"line":49,"column":8}},"32":{"start":{"line":48,"column":8},"end":{"line":48,"column":55}},"33":{"start":{"line":51,"column":6},"end":{"line":53,"column":7}},"34":{"start":{"line":52,"column":8},"end":{"line":52,"column":76}},"35":{"start":{"line":56,"column":21},"end":{"line":56,"column":77}},"36":{"start":{"line":59,"column":6},"end":{"line":59,"column":72}},"37":{"start":{"line":61,"column":6},"end":{"line":61,"column":121}},"38":{"start":{"line":64,"column":27},"end":{"line":64,"column":81}},"39":{"start":{"line":65,"column":24},"end":{"line":65,"column":72}},"40":{"start":{"line":66,"column":22},"end":{"line":66,"column":35}},"41":{"start":{"line":67,"column":25},"end":{"line":67,"column":41}},"42":{"start":{"line":68,"column":30},"end":{"line":68,"column":80}},"43":{"start":{"line":70,"column":6},"end":{"line":70,"column":86}},"44":{"start":{"line":73,"column":6},"end":{"line":73,"column":24}},"45":{"start":{"line":75,"column":6},"end":{"line":75,"column":52}}},"fnMap":{"0":{"name":"(anonymous_0)","decl":{"start":{"line":6,"column":17},"end":{"line":6,"column":18}},"loc":{"start":{"line":6,"column":57},"end":{"line":78,"column":1}},"line":6},"1":{"name":"(anonymous_1)","decl":{"start":{"line":18,"column":10},"end":{"line":18,"column":11}},"loc":{"start":{"line":18,"column":22},"end":{"line":77,"column":3}},"line":18},"2":{"name":"(anonymous_2)","decl":{"start":{"line":47,"column":63},"end":{"line":47,"column":64}},"loc":{"start":{"line":47,"column":74},"end":{"line":49,"column":7}},"line":47}},"branchMap":{"0":{"loc":{"start":{"line":10,"column":2},"end":{"line":10,"column":98}},"type":"if","locations":[{"start":{"line":10,"column":2},"end":{"line":10,"column":98}},{"start":{"line":10,"column":2},"end":{"line":10,"column":98}}],"line":10},"1":{"loc":{"start":{"line":14,"column":2},"end":{"line":14,"column":92}},"type":"if","locations":[{"start":{"line":14,"column":2},"end":{"line":14,"column":92}},{"start":{"line":14,"column":2},"end":{"line":14,"column":92}}],"line":14},"2":{"loc":{"start":{"line":23,"column":4},"end":{"line":23,"column":80}},"type":"if","locations":[{"start":{"line":23,"column":4},"end":{"line":23,"column":80}},{"start":{"line":23,"column":4},"end":{"line":23,"column":80}}],"line":23},"3":{"loc":{"start":{"line":26,"column":4},"end":{"line":76,"column":5}},"type":"if","locations":[{"start":{"line":26,"column":4},"end":{"line":76,"column":5}},{"start":{"line":26,"column":4},"end":{"line":76,"column":5}}],"line":26},"4":{"loc":{"start":{"line":30,"column":6},"end":{"line":30,"column":88}},"type":"if","locations":[{"start":{"line":30,"column":6},"end":{"line":30,"column":88}},{"start":{"line":30,"column":6},"end":{"line":30,"column":88}}],"line":30},"5":{"loc":{"start":{"line":34,"column":6},"end":{"line":34,"column":92}},"type":"if","locations":[{"start":{"line":34,"column":6},"end":{"line":34,"column":92}},{"start":{"line":34,"column":6},"end":{"line":34,"column":92}}],"line":34},"6":{"loc":{"start":{"line":38,"column":6},"end":{"line":40,"column":7}},"type":"if","locations":[{"start":{"line":38,"column":6},"end":{"line":40,"column":7}},{"start":{"line":38,"column":6},"end":{"line":40,"column":7}}],"line":38},"7":{"loc":{"start":{"line":48,"column":8},"end":{"line":48,"column":55}},"type":"cond-expr","locations":[{"start":{"line":48,"column":27},"end":{"line":48,"column":43}},{"start":{"line":48,"column":46},"end":{"line":48,"column":55}}],"line":48},"8":{"loc":{"start":{"line":51,"column":6},"end":{"line":53,"column":7}},"type":"if","locations":[{"start":{"line":51,"column":6},"end":{"line":53,"column":7}},{"start":{"line":51,"column":6},"end":{"line":53,"column":7}}],"line":51}},"s":{"0":1,"1":1,"2":1,"3":1,"4":1,"5":24,"6":18,"7":17,"8":1,"9":16,"10":10,"11":8,"12":1,"13":7,"14":7,"15":7,"16":7,"17":7,"18":1,"19":6,"20":5,"21":5,"22":1,"23":4,"24":4,"25":1,"26":3,"27":1,"28":2,"29":2,"30":2,"31":2,"32":4,"33":2,"34":1,"35":1,"36":1,"37":1,"38":1,"39":1,"40":1,"41":1,"42":1,"43":1,"44":1,"45":1},"f":{"0":24,"1":7,"2":4},"b":{"0":[1,16],"1":[1,7],"2":[1,6],"3":[5,1],"4":[1,4],"5":[1,3],"6":[1,2],"7":[1,3],"8":[1,1]},"_coverageSchema":"43e27e138ebf9cfc5966b082cf9a028302ed4184","hash":"dafa49100d6dbf795ed4c06c1848e0a6caa0c005","contentHash":"e3a40d9fc54f377a8e8c41d9be240c2e9d7dfab56a071dc81a7e05e98dcb3d55"},"/home/luis/dev/Diana/Skylab/bootcamp/collab/skylab-bootcamp-201909/staff/diana-moreno/wheely/wheely-api/helpers/send-email.js":{"path":"/home/luis/dev/Diana/Skylab/bootcamp/collab/skylab-bootcamp-201909/staff/diana-moreno/wheely/wheely-api/helpers/send-email.js","statementMap":{"0":{"start":{"line":1,"column":46},"end":{"line":1,"column":53}},"1":{"start":{"line":2,"column":19},"end":{"line":2,"column":40}},"2":{"start":{"line":4,"column":0},"end":{"line":63,"column":1}},"3":{"start":{"line":5,"column":22},"end":{"line":11,"column":4}},"4":{"start":{"line":13,"column":23},"end":{"line":28,"column":3}},"5":{"start":{"line":30,"column":2},"end":{"line":36,"column":4}},"6":{"start":{"line":31,"column":4},"end":{"line":35,"column":5}},"7":{"start":{"line":32,"column":6},"end":{"line":32,"column":25}},"8":{"start":{"line":34,"column":6},"end":{"line":34,"column":50}},"9":{"start":{"line":39,"column":26},"end":{"line":54,"column":3}},"10":{"start":{"line":56,"column":2},"end":{"line":62,"column":4}},"11":{"start":{"line":57,"column":4},"end":{"line":61,"column":5}},"12":{"start":{"line":58,"column":6},"end":{"line":58,"column":25}},"13":{"start":{"line":60,"column":6},"end":{"line":60,"column":50}}},"fnMap":{"0":{"name":"(anonymous_0)","decl":{"start":{"line":4,"column":17},"end":{"line":4,"column":18}},"loc":{"start":{"line":4,"column":103},"end":{"line":63,"column":1}},"line":4},"1":{"name":"(anonymous_1)","decl":{"start":{"line":30,"column":43},"end":{"line":30,"column":44}},"loc":{"start":{"line":30,"column":65},"end":{"line":36,"column":3}},"line":30},"2":{"name":"(anonymous_2)","decl":{"start":{"line":56,"column":46},"end":{"line":56,"column":47}},"loc":{"start":{"line":56,"column":68},"end":{"line":62,"column":3}},"line":56}},"branchMap":{"0":{"loc":{"start":{"line":31,"column":4},"end":{"line":35,"column":5}},"type":"if","locations":[{"start":{"line":31,"column":4},"end":{"line":35,"column":5}},{"start":{"line":31,"column":4},"end":{"line":35,"column":5}}],"line":31},"1":{"loc":{"start":{"line":57,"column":4},"end":{"line":61,"column":5}},"type":"if","locations":[{"start":{"line":57,"column":4},"end":{"line":61,"column":5}},{"start":{"line":57,"column":4},"end":{"line":61,"column":5}}],"line":57}},"s":{"0":1,"1":1,"2":1,"3":1,"4":1,"5":1,"6":1,"7":0,"8":1,"9":1,"10":1,"11":1,"12":0,"13":1},"f":{"0":1,"1":1,"2":1},"b":{"0":[0,1],"1":[0,1]},"_coverageSchema":"43e27e138ebf9cfc5966b082cf9a028302ed4184","hash":"73a94ab24898c106ff4ee4d2c5ca3d763f66ab0e","contentHash":"b363b0671cce150b1ba194319fc3e75509b3d1701902f935fd42429f47d19b1d"},"/home/luis/dev/Diana/Skylab/bootcamp/collab/skylab-bootcamp-201909/staff/diana-moreno/wheely/wheely-api/logic/practices/list-practices/index.spec.js":{"path":"/home/luis/dev/Diana/Skylab/bootcamp/collab/skylab-bootcamp-201909/staff/diana-moreno/wheely/wheely-api/logic/practices/list-practices/index.spec.js","statementMap":{"0":{"start":{"line":1,"column":0},"end":{"line":1,"column":26}},"1":{"start":{"line":2,"column":33},"end":{"line":2,"column":40}},"2":{"start":{"line":3,"column":19},"end":{"line":3,"column":34}},"3":{"start":{"line":4,"column":22},"end":{"line":4,"column":34}},"4":{"start":{"line":5,"column":19},"end":{"line":5,"column":23}},"5":{"start":{"line":6,"column":70},"end":{"line":6,"column":92}},"6":{"start":{"line":7,"column":47},"end":{"line":7,"column":70}},"7":{"start":{"line":8,"column":15},"end":{"line":8,"column":32}},"8":{"start":{"line":10,"column":0},"end":{"line":141,"column":2}},"9":{"start":{"line":11,"column":2},"end":{"line":11,"column":45}},"10":{"start":{"line":11,"column":15},"end":{"line":11,"column":44}},"11":{"start":{"line":15,"column":2},"end":{"line":73,"column":4}},"12":{"start":{"line":17,"column":4},"end":{"line":17,"column":26}},"13":{"start":{"line":18,"column":4},"end":{"line":18,"column":35}},"14":{"start":{"line":19,"column":4},"end":{"line":19,"column":40}},"15":{"start":{"line":20,"column":4},"end":{"line":20,"column":27}},"16":{"start":{"line":21,"column":4},"end":{"line":21,"column":37}},"17":{"start":{"line":22,"column":4},"end":{"line":22,"column":20}},"18":{"start":{"line":24,"column":4},"end":{"line":24,"column":65}},"19":{"start":{"line":26,"column":18},"end":{"line":26,"column":82}},"20":{"start":{"line":27,"column":4},"end":{"line":27,"column":35}},"21":{"start":{"line":28,"column":4},"end":{"line":28,"column":31}},"22":{"start":{"line":30,"column":4},"end":{"line":30,"column":24}},"23":{"start":{"line":31,"column":4},"end":{"line":31,"column":26}},"24":{"start":{"line":34,"column":4},"end":{"line":34,"column":29}},"25":{"start":{"line":35,"column":4},"end":{"line":35,"column":35}},"26":{"start":{"line":36,"column":4},"end":{"line":36,"column":40}},"27":{"start":{"line":37,"column":4},"end":{"line":37,"column":27}},"28":{"start":{"line":38,"column":4},"end":{"line":38,"column":37}},"29":{"start":{"line":39,"column":4},"end":{"line":39,"column":23}},"30":{"start":{"line":41,"column":21},"end":{"line":41,"column":84}},"31":{"start":{"line":42,"column":4},"end":{"line":42,"column":41}},"32":{"start":{"line":43,"column":4},"end":{"line":43,"column":27}},"33":{"start":{"line":44,"column":4},"end":{"line":44,"column":32}},"34":{"start":{"line":47,"column":4},"end":{"line":47,"column":29}},"35":{"start":{"line":48,"column":4},"end":{"line":48,"column":35}},"36":{"start":{"line":49,"column":4},"end":{"line":49,"column":40}},"37":{"start":{"line":50,"column":4},"end":{"line":50,"column":27}},"38":{"start":{"line":51,"column":4},"end":{"line":51,"column":37}},"39":{"start":{"line":52,"column":4},"end":{"line":52,"column":18}},"40":{"start":{"line":54,"column":16},"end":{"line":54,"column":80}},"41":{"start":{"line":55,"column":4},"end":{"line":55,"column":22}},"42":{"start":{"line":58,"column":4},"end":{"line":58,"column":13}},"43":{"start":{"line":59,"column":21},"end":{"line":59,"column":64}},"44":{"start":{"line":60,"column":19},"end":{"line":60,"column":68}},"45":{"start":{"line":61,"column":15},"end":{"line":61,"column":22}},"46":{"start":{"line":62,"column":4},"end":{"line":62,"column":63}},"47":{"start":{"line":63,"column":4},"end":{"line":63,"column":61}},"48":{"start":{"line":64,"column":4},"end":{"line":64,"column":26}},"49":{"start":{"line":65,"column":4},"end":{"line":65,"column":19}},"50":{"start":{"line":66,"column":4},"end":{"line":66,"column":68}},"51":{"start":{"line":68,"column":4},"end":{"line":68,"column":21}},"52":{"start":{"line":69,"column":4},"end":{"line":69,"column":22}},"53":{"start":{"line":70,"column":4},"end":{"line":70,"column":49}},"54":{"start":{"line":71,"column":4},"end":{"line":71,"column":90}},"55":{"start":{"line":75,"column":2},"end":{"line":85,"column":4}},"56":{"start":{"line":76,"column":18},"end":{"line":76,"column":36}},"57":{"start":{"line":77,"column":18},"end":{"line":77,"column":36}},"58":{"start":{"line":79,"column":4},"end":{"line":79,"column":46}},"59":{"start":{"line":81,"column":4},"end":{"line":81,"column":30}},"60":{"start":{"line":82,"column":4},"end":{"line":82,"column":40}},"61":{"start":{"line":83,"column":4},"end":{"line":83,"column":65}},"62":{"start":{"line":84,"column":4},"end":{"line":84,"column":65}},"63":{"start":{"line":87,"column":2},"end":{"line":97,"column":4}},"64":{"start":{"line":88,"column":18},"end":{"line":88,"column":36}},"65":{"start":{"line":89,"column":18},"end":{"line":89,"column":36}},"66":{"start":{"line":91,"column":4},"end":{"line":91,"column":46}},"67":{"start":{"line":93,"column":4},"end":{"line":93,"column":30}},"68":{"start":{"line":94,"column":4},"end":{"line":94,"column":40}},"69":{"start":{"line":95,"column":4},"end":{"line":95,"column":65}},"70":{"start":{"line":96,"column":4},"end":{"line":96,"column":65}},"71":{"start":{"line":100,"column":2},"end":{"line":113,"column":4}},"72":{"start":{"line":101,"column":17},"end":{"line":101,"column":43}},"73":{"start":{"line":102,"column":4},"end":{"line":112,"column":5}},"74":{"start":{"line":103,"column":6},"end":{"line":103,"column":33}},"75":{"start":{"line":104,"column":6},"end":{"line":104,"column":48}},"76":{"start":{"line":107,"column":6},"end":{"line":107,"column":28}},"77":{"start":{"line":108,"column":6},"end":{"line":108,"column":36}},"78":{"start":{"line":109,"column":6},"end":{"line":109,"column":53}},"79":{"start":{"line":110,"column":6},"end":{"line":110,"column":55}},"80":{"start":{"line":111,"column":6},"end":{"line":111,"column":72}},"81":{"start":{"line":115,"column":2},"end":{"line":127,"column":4}},"82":{"start":{"line":116,"column":4},"end":{"line":126,"column":5}},"83":{"start":{"line":117,"column":6},"end":{"line":117,"column":34}},"84":{"start":{"line":118,"column":6},"end":{"line":118,"column":48}},"85":{"start":{"line":121,"column":6},"end":{"line":121,"column":28}},"86":{"start":{"line":122,"column":6},"end":{"line":122,"column":36}},"87":{"start":{"line":123,"column":6},"end":{"line":123,"column":53}},"88":{"start":{"line":124,"column":6},"end":{"line":124,"column":55}},"89":{"start":{"line":125,"column":6},"end":{"line":125,"column":62}},"90":{"start":{"line":129,"column":3},"end":{"line":138,"column":6}},"91":{"start":{"line":130,"column":6},"end":{"line":130,"column":84}},"92":{"start":{"line":130,"column":19},"end":{"line":130,"column":37}},"93":{"start":{"line":131,"column":6},"end":{"line":131,"column":77}},"94":{"start":{"line":131,"column":19},"end":{"line":131,"column":35}},"95":{"start":{"line":132,"column":6},"end":{"line":132,"column":83}},"96":{"start":{"line":132,"column":19},"end":{"line":132,"column":38}},"97":{"start":{"line":133,"column":6},"end":{"line":133,"column":77}},"98":{"start":{"line":133,"column":19},"end":{"line":133,"column":36}},"99":{"start":{"line":134,"column":6},"end":{"line":134,"column":92}},"100":{"start":{"line":134,"column":19},"end":{"line":134,"column":36}},"101":{"start":{"line":135,"column":6},"end":{"line":135,"column":93}},"102":{"start":{"line":135,"column":19},"end":{"line":135,"column":43}},"103":{"start":{"line":136,"column":6},"end":{"line":136,"column":83}},"104":{"start":{"line":136,"column":19},"end":{"line":136,"column":38}},"105":{"start":{"line":137,"column":5},"end":{"line":137,"column":87}},"106":{"start":{"line":137,"column":18},"end":{"line":137,"column":35}},"107":{"start":{"line":140,"column":2},"end":{"line":140,"column":96}},"108":{"start":{"line":140,"column":14},"end":{"line":140,"column":95}}},"fnMap":{"0":{"name":"(anonymous_0)","decl":{"start":{"line":10,"column":35},"end":{"line":10,"column":36}},"loc":{"start":{"line":10,"column":41},"end":{"line":141,"column":1}},"line":10},"1":{"name":"(anonymous_1)","decl":{"start":{"line":11,"column":9},"end":{"line":11,"column":10}},"loc":{"start":{"line":11,"column":15},"end":{"line":11,"column":44}},"line":11},"2":{"name":"(anonymous_2)","decl":{"start":{"line":15,"column":13},"end":{"line":15,"column":14}},"loc":{"start":{"line":15,"column":25},"end":{"line":73,"column":3}},"line":15},"3":{"name":"(anonymous_3)","decl":{"start":{"line":75,"column":52},"end":{"line":75,"column":53}},"loc":{"start":{"line":75,"column":64},"end":{"line":85,"column":3}},"line":75},"4":{"name":"(anonymous_4)","decl":{"start":{"line":87,"column":55},"end":{"line":87,"column":56}},"loc":{"start":{"line":87,"column":67},"end":{"line":97,"column":3}},"line":87},"5":{"name":"(anonymous_5)","decl":{"start":{"line":100,"column":39},"end":{"line":100,"column":40}},"loc":{"start":{"line":100,"column":51},"end":{"line":113,"column":3}},"line":100},"6":{"name":"(anonymous_6)","decl":{"start":{"line":115,"column":34},"end":{"line":115,"column":35}},"loc":{"start":{"line":115,"column":46},"end":{"line":127,"column":3}},"line":115},"7":{"name":"(anonymous_7)","decl":{"start":{"line":129,"column":58},"end":{"line":129,"column":59}},"loc":{"start":{"line":129,"column":64},"end":{"line":138,"column":5}},"line":129},"8":{"name":"(anonymous_8)","decl":{"start":{"line":130,"column":13},"end":{"line":130,"column":14}},"loc":{"start":{"line":130,"column":19},"end":{"line":130,"column":37}},"line":130},"9":{"name":"(anonymous_9)","decl":{"start":{"line":131,"column":13},"end":{"line":131,"column":14}},"loc":{"start":{"line":131,"column":19},"end":{"line":131,"column":35}},"line":131},"10":{"name":"(anonymous_10)","decl":{"start":{"line":132,"column":13},"end":{"line":132,"column":14}},"loc":{"start":{"line":132,"column":19},"end":{"line":132,"column":38}},"line":132},"11":{"name":"(anonymous_11)","decl":{"start":{"line":133,"column":13},"end":{"line":133,"column":14}},"loc":{"start":{"line":133,"column":19},"end":{"line":133,"column":36}},"line":133},"12":{"name":"(anonymous_12)","decl":{"start":{"line":134,"column":13},"end":{"line":134,"column":14}},"loc":{"start":{"line":134,"column":19},"end":{"line":134,"column":36}},"line":134},"13":{"name":"(anonymous_13)","decl":{"start":{"line":135,"column":13},"end":{"line":135,"column":14}},"loc":{"start":{"line":135,"column":19},"end":{"line":135,"column":43}},"line":135},"14":{"name":"(anonymous_14)","decl":{"start":{"line":136,"column":13},"end":{"line":136,"column":14}},"loc":{"start":{"line":136,"column":19},"end":{"line":136,"column":38}},"line":136},"15":{"name":"(anonymous_15)","decl":{"start":{"line":137,"column":12},"end":{"line":137,"column":13}},"loc":{"start":{"line":137,"column":18},"end":{"line":137,"column":35}},"line":137},"16":{"name":"(anonymous_16)","decl":{"start":{"line":140,"column":8},"end":{"line":140,"column":9}},"loc":{"start":{"line":140,"column":14},"end":{"line":140,"column":95}},"line":140}},"branchMap":{},"s":{"0":1,"1":1,"2":1,"3":1,"4":1,"5":1,"6":1,"7":1,"8":1,"9":1,"10":1,"11":1,"12":5,"13":5,"14":5,"15":5,"16":5,"17":5,"18":5,"19":5,"20":5,"21":5,"22":5,"23":5,"24":5,"25":5,"26":5,"27":5,"28":5,"29":5,"30":5,"31":5,"32":5,"33":5,"34":5,"35":5,"36":5,"37":5,"38":5,"39":5,"40":5,"41":5,"42":5,"43":5,"44":5,"45":5,"46":5,"47":5,"48":5,"49":5,"50":5,"51":5,"52":5,"53":5,"54":5,"55":1,"56":1,"57":1,"58":1,"59":1,"60":1,"61":1,"62":1,"63":1,"64":1,"65":1,"66":1,"67":1,"68":1,"69":1,"70":1,"71":1,"72":1,"73":1,"74":1,"75":0,"76":1,"77":1,"78":1,"79":1,"80":1,"81":1,"82":1,"83":1,"84":0,"85":1,"86":1,"87":1,"88":1,"89":1,"90":1,"91":1,"92":1,"93":1,"94":1,"95":1,"96":1,"97":1,"98":1,"99":1,"100":1,"101":1,"102":1,"103":1,"104":1,"105":1,"106":1,"107":1,"108":1},"f":{"0":1,"1":1,"2":5,"3":1,"4":1,"5":1,"6":1,"7":1,"8":1,"9":1,"10":1,"11":1,"12":1,"13":1,"14":1,"15":1,"16":1},"b":{},"_coverageSchema":"43e27e138ebf9cfc5966b082cf9a028302ed4184","hash":"6c68f8b083e22b5b49704843a4819ee97baa97b2","contentHash":"c408c8a19fd0bb8de9f64d009a7adf14744570561c79ad8384f9192ac6ce8a44"},"/home/luis/dev/Diana/Skylab/bootcamp/collab/skylab-bootcamp-201909/staff/diana-moreno/wheely/wheely-api/logic/practices/list-practices/index.js":{"path":"/home/luis/dev/Diana/Skylab/bootcamp/collab/skylab-bootcamp-2
[...]
l":{"start":{"line":4,"column":17},"end":{"line":4,"column":18}},"loc":{"start":{"line":4,"column":78},"end":{"line":58,"column":1}},"line":4},"1":{"name":"(anonymous_1)","decl":{"start":{"line":22,"column":10},"end":{"line":22,"column":11}},"loc":{"start":{"line":22,"column":22},"end":{"line":57,"column":3}},"line":22}},"branchMap":{"0":{"loc":{"start":{"line":7,"column":2},"end":{"line":7,"column":88}},"type":"if","locations":[{"start":{"line":7,"column":2},"end":{"line":7,"column":88}},{"start":{"line":7,"column":2},"end":{"line":7,"column":88}}],"line":7},"1":{"loc":{"start":{"line":25,"column":4},"end":{"line":25,"column":97}},"type":"if","locations":[{"start":{"line":25,"column":4},"end":{"line":25,"column":97}},{"start":{"line":25,"column":4},"end":{"line":25,"column":97}}],"line":25},"2":{"loc":{"start":{"line":29,"column":4},"end":{"line":29,"column":79}},"type":"if","locations":[{"start":{"line":29,"column":4},"end":{"line":29,"column":79}},{"start":{"line":29,"column":4},"end":{"line":29,"column":79}}],"line":29},"3":{"loc":{"start":{"line":31,"column":4},"end":{"line":31,"column":75}},"type":"if","locations":[{"start":{"line":31,"column":4},"end":{"line":31,"column":75}},{"start":{"line":31,"column":4},"end":{"line":31,"column":75}}],"line":31},"4":{"loc":{"start":{"line":39,"column":4},"end":{"line":48,"column":5}},"type":"if","locations":[{"start":{"line":39,"column":4},"end":{"line":48,"column":5}},{"start":{"line":39,"column":4},"end":{"line":48,"column":5}}],"line":39},"5":{"loc":{"start":{"line":53,"column":4},"end":{"line":56,"column":5}},"type":"if","locations":[{"start":{"line":53,"column":4},"end":{"line":56,"column":5}},{"start":{"line":53,"column":4},"end":{"line":56,"column":5}}],"line":53}},"s":{"0":1,"1":1,"2":1,"3":44,"4":38,"5":38,"6":1,"7":37,"8":31,"9":29,"10":23,"11":21,"12":15,"13":13,"14":13,"15":7,"16":7,"17":7,"18":5,"19":5,"20":5,"21":5,"22":5,"23":0,"24":5,"25":5,"26":1,"27":4,"28":4,"29":0,"30":4,"31":4,"32":4,"33":1,"34":1,"35":1,"36":1,"37":1,"38":7,"39":1,"40":4,"41":4,"42":1,"43":1},"f":{"0":44,"1":5},"b":{"0":[1,37],"1":[0,5],"2":[1,4],"3":[0,4],"4":[1,3],"5":[1,3]},"_coverageSchema":"43e27e138ebf9cfc5966b082cf9a028302ed4184","hash":"5b31bf7da0251171fd7f6d5ba11df27b23c81a17","contentHash":"63b13c0ffdc374ad3c48c38aa89fb041e6eb01a9c0c4c243ff55bef17e91cb07"},"/home/luis/dev/Diana/Skylab/bootcamp/collab/skylab-bootcamp-201909/staff/diana-moreno/wheely/wheely-api/logic/users/retrieve-user/index.spec.js":{"path":"/home/luis/dev/Diana/Skylab/bootcamp/collab/skylab-bootcamp-201909/staff/diana-moreno/wheely/wheely-api/logic/users/retrieve-user/index.spec.js","statementMap":{"0":{"start":{"line":1,"column":0},"end":{"line":1,"column":26}},"1":{"start":{"line":2,"column":33},"end":{"line":2,"column":40}},"2":{"start":{"line":3,"column":19},"end":{"line":3,"column":34}},"3":{"start":{"line":4,"column":19},"end":{"line":4,"column":23}},"4":{"start":{"line":5,"column":21},"end":{"line":5,"column":33}},"5":{"start":{"line":6,"column":52},"end":{"line":6,"column":75}},"6":{"start":{"line":7,"column":60},"end":{"line":7,"column":82}},"7":{"start":{"line":9,"column":0},"end":{"line":177,"column":2}},"8":{"start":{"line":10,"column":2},"end":{"line":10,"column":45}},"9":{"start":{"line":10,"column":15},"end":{"line":10,"column":44}},"10":{"start":{"line":12,"column":62},"end":{"line":12,"column":88}},"11":{"start":{"line":14,"column":2},"end":{"line":59,"column":4}},"12":{"start":{"line":15,"column":4},"end":{"line":30,"column":6}},"13":{"start":{"line":16,"column":6},"end":{"line":16,"column":31}},"14":{"start":{"line":17,"column":6},"end":{"line":17,"column":37}},"15":{"start":{"line":18,"column":6},"end":{"line":18,"column":42}},"16":{"start":{"line":19,"column":6},"end":{"line":19,"column":39}},"17":{"start":{"line":20,"column":6},"end":{"line":20,"column":29}},"18":{"start":{"line":21,"column":6},"end":{"line":21,"column":22}},"19":{"start":{"line":23,"column":6},"end":{"line":23,"column":29}},"20":{"start":{"line":25,"column":19},"end":{"line":25,"column":83}},"21":{"start":{"line":26,"column":6},"end":{"line":26,"column":34}},"22":{"start":{"line":27,"column":6},"end":{"line":27,"column":23}},"23":{"start":{"line":29,"column":6},"end":{"line":29,"column":18}},"24":{"start":{"line":32,"column":4},"end":{"line":46,"column":6}},"25":{"start":{"line":33,"column":19},"end":{"line":33,"column":41}},"26":{"start":{"line":35,"column":6},"end":{"line":35,"column":27}},"27":{"start":{"line":36,"column":6},"end":{"line":36,"column":34}},"28":{"start":{"line":37,"column":6},"end":{"line":37,"column":35}},"29":{"start":{"line":38,"column":6},"end":{"line":38,"column":38}},"30":{"start":{"line":39,"column":6},"end":{"line":39,"column":44}},"31":{"start":{"line":40,"column":6},"end":{"line":40,"column":40}},"32":{"start":{"line":41,"column":6},"end":{"line":41,"column":43}},"33":{"start":{"line":42,"column":6},"end":{"line":42,"column":36}},"34":{"start":{"line":43,"column":6},"end":{"line":43,"column":38}},"35":{"start":{"line":44,"column":6},"end":{"line":44,"column":35}},"36":{"start":{"line":45,"column":6},"end":{"line":45,"column":46}},"37":{"start":{"line":48,"column":4},"end":{"line":58,"column":6}},"38":{"start":{"line":49,"column":6},"end":{"line":57,"column":7}},"39":{"start":{"line":50,"column":8},"end":{"line":50,"column":34}},"40":{"start":{"line":51,"column":8},"end":{"line":51,"column":50}},"41":{"start":{"line":54,"column":8},"end":{"line":54,"column":30}},"42":{"start":{"line":55,"column":8},"end":{"line":55,"column":56}},"43":{"start":{"line":56,"column":8},"end":{"line":56,"column":74}},"44":{"start":{"line":61,"column":2},"end":{"line":105,"column":4}},"45":{"start":{"line":62,"column":4},"end":{"line":76,"column":6}},"46":{"start":{"line":63,"column":6},"end":{"line":63,"column":31}},"47":{"start":{"line":64,"column":6},"end":{"line":64,"column":37}},"48":{"start":{"line":65,"column":6},"end":{"line":65,"column":42}},"49":{"start":{"line":66,"column":6},"end":{"line":66,"column":39}},"50":{"start":{"line":67,"column":6},"end":{"line":67,"column":29}},"51":{"start":{"line":68,"column":6},"end":{"line":68,"column":25}},"52":{"start":{"line":70,"column":6},"end":{"line":70,"column":29}},"53":{"start":{"line":72,"column":19},"end":{"line":72,"column":83}},"54":{"start":{"line":73,"column":6},"end":{"line":73,"column":37}},"55":{"start":{"line":74,"column":6},"end":{"line":74,"column":23}},"56":{"start":{"line":75,"column":6},"end":{"line":75,"column":18}},"57":{"start":{"line":78,"column":4},"end":{"line":92,"column":6}},"58":{"start":{"line":79,"column":19},"end":{"line":79,"column":41}},"59":{"start":{"line":81,"column":6},"end":{"line":81,"column":27}},"60":{"start":{"line":82,"column":6},"end":{"line":82,"column":34}},"61":{"start":{"line":83,"column":6},"end":{"line":83,"column":35}},"62":{"start":{"line":84,"column":6},"end":{"line":84,"column":38}},"63":{"start":{"line":85,"column":6},"end":{"line":85,"column":44}},"64":{"start":{"line":86,"column":6},"end":{"line":86,"column":40}},"65":{"start":{"line":87,"column":6},"end":{"line":87,"column":43}},"66":{"start":{"line":88,"column":6},"end":{"line":88,"column":36}},"67":{"start":{"line":89,"column":6},"end":{"line":89,"column":38}},"68":{"start":{"line":90,"column":6},"end":{"line":90,"column":35}},"69":{"start":{"line":91,"column":6},"end":{"line":91,"column":54}},"70":{"start":{"line":94,"column":4},"end":{"line":104,"column":6}},"71":{"start":{"line":95,"column":6},"end":{"line":103,"column":7}},"72":{"start":{"line":96,"column":8},"end":{"line":96,"column":34}},"73":{"start":{"line":97,"column":8},"end":{"line":97,"column":50}},"74":{"start":{"line":100,"column":8},"end":{"line":100,"column":30}},"75":{"start":{"line":101,"column":8},"end":{"line":101,"column":56}},"76":{"start":{"line":102,"column":8},"end":{"line":102,"column":74}},"77":{"start":{"line":107,"column":2},"end":{"line":174,"column":4}},"78":{"start":{"line":108,"column":4},"end":{"line":120,"column":6}},"79":{"start":{"line":109,"column":6},"end":{"line":109,"column":31}},"80":{"start":{"line":110,"column":6},"end":{"line":110,"column":37}},"81":{"start":{"line":111,"column":6},"end":{"line":111,"column":42}},"82":{"start":{"line":112,"column":6},"end":{"line":112,"column":39}},"83":{"start":{"line":113,"column":6},"end":{"line":114,"column":22}},"84":{"start":{"line":116,"column":6},"end":{"line":116,"column":29}},"85":{"start":{"line":118,"column":19},"end":{"line":118,"column":83}},"86":{"start":{"line":119,"column":6},"end":{"line":119,"column":18}},"87":{"start":{"line":122,"column":4},"end":{"line":135,"column":6}},"88":{"start":{"line":123,"column":19},"end":{"line":123,"column":41}},"89":{"start":{"line":125,"column":6},"end":{"line":125,"column":27}},"90":{"start":{"line":126,"column":6},"end":{"line":126,"column":34}},"91":{"start":{"line":127,"column":6},"end":{"line":127,"column":35}},"92":{"start":{"line":128,"column":6},"end":{"line":128,"column":38}},"93":{"start":{"line":129,"column":6},"end":{"line":129,"column":44}},"94":{"start":{"line":130,"column":6},"end":{"line":130,"column":40}},"95":{"start":{"line":131,"column":6},"end":{"line":131,"column":43}},"96":{"start":{"line":132,"column":6},"end":{"line":132,"column":36}},"97":{"start":{"line":133,"column":6},"end":{"line":133,"column":38}},"98":{"start":{"line":134,"column":6},"end":{"line":134,"column":46}},"99":{"start":{"line":137,"column":4},"end":{"line":147,"column":6}},"100":{"start":{"line":138,"column":6},"end":{"line":146,"column":7}},"101":{"start":{"line":139,"column":8},"end":{"line":139,"column":34}},"102":{"start":{"line":140,"column":8},"end":{"line":140,"column":50}},"103":{"start":{"line":143,"column":8},"end":{"line":143,"column":30}},"104":{"start":{"line":144,"column":8},"end":{"line":144,"column":56}},"105":{"start":{"line":145,"column":8},"end":{"line":145,"column":74}},"106":{"start":{"line":149,"column":4},"end":{"line":163,"column":6}},"107":{"start":{"line":150,"column":19},"end":{"line":150,"column":35}},"108":{"start":{"line":151,"column":6},"end":{"line":162,"column":7}},"109":{"start":{"line":152,"column":8},"end":{"line":152,"column":34}},"110":{"start":{"line":153,"column":8},"end":{"line":153,"column":50}},"111":{"start":{"line":156,"column":8},"end":{"line":156,"column":30}},"112":{"start":{"line":157,"column":8},"end":{"line":157,"column":38}},"113":{"start":{"line":158,"column":8},"end":{"line":158,"column":55}},"114":{"start":{"line":159,"column":8},"end":{"line":159,"column":57}},"115":{"start":{"line":160,"column":8},"end":{"line":160,"column":55}},"116":{"start":{"line":161,"column":8},"end":{"line":161,"column":69}},"117":{"start":{"line":165,"column":4},"end":{"line":173,"column":6}},"118":{"start":{"line":166,"column":6},"end":{"line":166,"column":83}},"119":{"start":{"line":166,"column":19},"end":{"line":166,"column":36}},"120":{"start":{"line":167,"column":6},"end":{"line":167,"column":76}},"121":{"start":{"line":167,"column":19},"end":{"line":167,"column":34}},"122":{"start":{"line":168,"column":6},"end":{"line":168,"column":82}},"123":{"start":{"line":168,"column":19},"end":{"line":168,"column":37}},"124":{"start":{"line":169,"column":6},"end":{"line":169,"column":76}},"125":{"start":{"line":169,"column":19},"end":{"line":169,"column":35}},"126":{"start":{"line":170,"column":6},"end":{"line":170,"column":91}},"127":{"start":{"line":170,"column":19},"end":{"line":170,"column":35}},"128":{"start":{"line":171,"column":6},"end":{"line":171,"column":92}},"129":{"start":{"line":171,"column":19},"end":{"line":171,"column":42}},"130":{"start":{"line":172,"column":6},"end":{"line":172,"column":82}},"131":{"start":{"line":172,"column":19},"end":{"line":172,"column":37}},"132":{"start":{"line":176,"column":2},"end":{"line":176,"column":58}},"133":{"start":{"line":176,"column":14},"end":{"line":176,"column":57}}},"fnMap":{"0":{"name":"(anonymous_0)","decl":{"start":{"line":9,"column":34},"end":{"line":9,"column":35}},"loc":{"start":{"line":9,"column":40},"end":{"line":177,"column":1}},"line":9},"1":{"name":"(anonymous_1)","decl":{"start":{"line":10,"column":9},"end":{"line":10,"column":10}},"loc":{"start":{"line":10,"column":15},"end":{"line":10,"column":44}},"line":10},"2":{"name":"(anonymous_2)","decl":{"start":{"line":14,"column":37},"end":{"line":14,"column":38}},"loc":{"start":{"line":14,"column":43},"end":{"line":59,"column":3}},"line":14},"3":{"name":"(anonymous_3)","decl":{"start":{"line":15,"column":15},"end":{"line":15,"column":16}},"loc":{"start":{"line":15,"column":27},"end":{"line":30,"column":5}},"line":15},"4":{"name":"(anonymous_4)","decl":{"start":{"line":32,"column":44},"end":{"line":32,"column":45}},"loc":{"start":{"line":32,"column":56},"end":{"line":46,"column":5}},"line":32},"5":{"name":"(anonymous_5)","decl":{"start":{"line":48,"column":39},"end":{"line":48,"column":40}},"loc":{"start":{"line":48,"column":51},"end":{"line":58,"column":5}},"line":48},"6":{"name":"(anonymous_6)","decl":{"start":{"line":61,"column":41},"end":{"line":61,"column":42}},"loc":{"start":{"line":61,"column":47},"end":{"line":105,"column":3}},"line":61},"7":{"name":"(anonymous_7)","decl":{"start":{"line":62,"column":15},"end":{"line":62,"column":16}},"loc":{"start":{"line":62,"column":27},"end":{"line":76,"column":5}},"line":62},"8":{"name":"(anonymous_8)","decl":{"start":{"line":78,"column":44},"end":{"line":78,"column":45}},"loc":{"start":{"line":78,"column":56},"end":{"line":92,"column":5}},"line":78},"9":{"name":"(anonymous_9)","decl":{"start":{"line":94,"column":39},"end":{"line":94,"column":40}},"loc":{"start":{"line":94,"column":51},"end":{"line":104,"column":5}},"line":94},"10":{"name":"(anonymous_10)","decl":{"start":{"line":107,"column":36},"end":{"line":107,"column":37}},"loc":{"start":{"line":107,"column":42},"end":{"line":174,"column":3}},"line":107},"11":{"name":"(anonymous_11)","decl":{"start":{"line":108,"column":15},"end":{"line":108,"column":16}},"loc":{"start":{"line":108,"column":27},"end":{"line":120,"column":5}},"line":108},"12":{"name":"(anonymous_12)","decl":{"start":{"line":122,"column":44},"end":{"line":122,"column":45}},"loc":{"start":{"line":122,"column":56},"end":{"line":135,"column":5}},"line":122},"13":{"name":"(anonymous_13)","decl":{"start":{"line":137,"column":39},"end":{"line":137,"column":40}},"loc":{"start":{"line":137,"column":51},"end":{"line":147,"column":5}},"line":137},"14":{"name":"(anonymous_14)","decl":{"start":{"line":149,"column":43},"end":{"line":149,"column":44}},"loc":{"start":{"line":149,"column":55},"end":{"line":163,"column":5}},"line":149},"15":{"name":"(anonymous_15)","decl":{"start":{"line":165,"column":55},"end":{"line":165,"column":56}},"loc":{"start":{"line":165,"column":61},"end":{"line":173,"column":5}},"line":165},"16":{"name":"(anonymous_16)","decl":{"start":{"line":166,"column":13},"end":{"line":166,"column":14}},"loc":{"start":{"line":166,"column":19},"end":{"line":166,"column":36}},"line":166},"17":{"name":"(anonymous_17)","decl":{"start":{"line":167,"column":13},"end":{"line":167,"column":14}},"loc":{"start":{"line":167,"column":19},"end":{"line":167,"column":34}},"line":167},"18":{"name":"(anonymous_18)","decl":{"start":{"line":168,"column":13},"end":{"line":168,"column":14}},"loc":{"start":{"line":168,"column":19},"end":{"line":168,"column":37}},"line":168},"19":{"name":"(anonymous_19)","decl":{"start":{"line":169,"column":13},"end":{"line":169,"column":14}},"loc":{"start":{"line":169,"column":19},"end":{"line":169,"column":35}},"line":169},"20":{"name":"(anonymous_20)","decl":{"start":{"line":170,"column":13},"end":{"line":170,"column":14}},"loc":{"start":{"line":170,"column":19},"end":{"line":170,"column":35}},"line":170},"21":{"name":"(anonymous_21)","decl":{"start":{"line":171,"column":13},"end":{"line":171,"column":14}},"loc":{"start":{"line":171,"column":19},"end":{"line":171,"column":42}},"line":171},"22":{"name":"(anonymous_22)","decl":{"start":{"line":172,"column":13},"end":{"line":172,"column":14}},"loc":{"start":{"line":172,"column":19},"end":{"line":172,"column":37}},"line":172},"23":{"name":"(anonymous_23)","decl":{"start":{"line":176,"column":8},"end":{"line":176,"column":9}},"loc":{"start":{"line":176,"column":14},"end":{"line":176,"column":57}},"line":176}},"branchMap":{},"s":{"0":1,"1":1,"2":1,"3":1,"4":1,"5":1,"6":1,"7":1,"8":1,"9":1,"10":1,"11":1,"12":1,"13":2,"14":2,"15":2,"16":2,"17":2,"18":2,"19":2,"20":2,"21":2,"22":2,"23":2,"24":1,"25":1,"26":1,"27":1,"28":1,"29":1,"30":1,"31":1,"32":1,"33":1,"34":1,"35":1,"36":1,"37":1,"38":1,"39":1,"40":0,"41":1,"42":1,"43":1,"44":1,"45":1,"46":2,"47":2,"48":2,"49":2,"50":2,"51":2,"52":2,"53":2,"54":2,"55":2,"56":2,"57":1,"58":1,"59":1,"60":1,"61":1,"62":1,"63":1,"64":1,"65":1,"66":1,"67":1,"68":1,"69":1,"70":1,"71":1,"72":1,"73":0,"74":1,"75":1,"76":1,"77":1,"78":1,"79":4,"80":4,"81":4,"82":4,"83":4,"84":4,"85":4,"86":4,"87":1,"88":1,"89":1,"90":1,"91":1,"92":1,"93":1,"94":1,"95":1,"96":1,"97":1,"98":1,"99":1,"100":1,"101":1,"102":0,"103":1,"104":1,"105":1,"106":1,"107":1,"108":1,"109":1,"110":0,"111":1,"112":1,"113":1,"114":1,"115":1,"116":1,"117":1,"118":1,"119":1,"120":1,"121":1,"122":1,"123":1,"124":1,"125":1,"126":1,"127":1,"128":1,"129":1,"130":1,"131":1,"132":1,"133":1},"f":{"0":1,"1":1,"2":1,"3":2,"4":1,"5":1,"6":1,"7":2,"8":1,"9":1,"10":1,"11":4,"12":1,"13":1,"14":1,"15":1,"16":1,"17":1,"18":1,"19":1,"20":1,"21":1,"22":1,"23":1},"b":{},"_coverageSchema":"43e27e138ebf9cfc5966b082cf9a028302ed4184","hash":"9cbdcd5ce4cf94deafe21fd0d215ca06d6bb1f09","contentHash":"b8741373da3f35619fdc9f53c03df51297622b4de669d752247eaa5236b9c9e1"},"/home/luis/dev/Diana/Skylab/bootcamp/collab/skylab-bootcamp-201909/staff/diana-moreno/wheely/wheely-api/logic/users/retrieve-user/index.js":{"path":"/home/luis/dev/Diana/Skylab/bootcamp/collab/skylab-bootcamp-201909/staff/diana-moreno/wheely/wheely-api/logic/users/retrieve-user/index.js","statementMap":{"0":{"start":{"line":1,"column":62},"end":{"line":1,"column":85}},"1":{"start":{"line":2,"column":60},"end":{"line":2,"column":82}},"2":{"start":{"line":4,"column":0},"end":{"line":19,"column":1}},"3":{"start":{"line":5,"column":2},"end":{"line":5,"column":21}},"4":{"start":{"line":6,"column":2},"end":{"line":6,"column":35}},"5":{"start":{"line":7,"column":2},"end":{"line":7,"column":78}},"6":{"start":{"line":7,"column":29},"end":{"line":7,"column":78}},"7":{"start":{"line":9,"column":2},"end":{"line":18,"column":6}},"8":{"start":{"line":11,"column":17},"end":{"line":11,"column":40}},"9":{"start":{"line":12,"column":4},"end":{"line":12,"column":70}},"10":{"start":{"line":12,"column":15},"end":{"line":12,"column":70}},"11":{"start":{"line":14,"column":69},"end":{"line":14,"column":84}},"12":{"start":{"line":17,"column":4},"end":{"line":17,"column":71}}},"fnMap":{"0":{"name":"(anonymous_0)","decl":{"start":{"line":4,"column":17},"end":{"line":4,"column":18}},"loc":{"start":{"line":4,"column":30},"end":{"line":19,"column":1}},"line":4},"1":{"name":"(anonymous_1)","decl":{"start":{"line":9,"column":10},"end":{"line":9,"column":11}},"loc":{"start":{"line":9,"column":22},"end":{"line":18,"column":3}},"line":9}},"branchMap":{"0":{"loc":{"start":{"line":7,"column":2},"end":{"line":7,"column":78}},"type":"if","locations":[{"start":{"line":7,"column":2},"end":{"line":7,"column":78}},{"start":{"line":7,"column":2},"end":{"line":7,"column":78}}],"line":7},"1":{"loc":{"start":{"line":12,"column":4},"end":{"line":12,"column":70}},"type":"if","locations":[{"start":{"line":12,"column":4},"end":{"line":12,"column":70}},{"start":{"line":12,"column":4},"end":{"line":12,"column":70}}],"line":12}},"s":{"0":1,"1":1,"2":1,"3":14,"4":8,"5":8,"6":2,"7":6,"8":6,"9":6,"10":3,"11":3,"12":3},"f":{"0":14,"1":6},"b":{"0":[2,6],"1":[3,3]},"_coverageSchema":"43e27e138ebf9cfc5966b082cf9a028302ed4184","hash":"85f9319defe7a730007933baab4225ceb729eb8c","contentHash":"e924a944dc0ec331063f7f72db8c85c55036673361c06787b04a6c97d86a851c"}}